{"EventData":{"KeyLength":"0","SubjectUserSid":"S-1-0-0","SubjectLogonId":"0x0","AuthenticationPackageName":"Kerberos","TargetOutboundUserName":"-","ImpersonationLevel":"%%1840","LogonProcessName":"Kerberos","TargetDomainName":"COFICAB.LAB","IpPort":"51860","LmPackageName":"-","IpAddress":"fe80::a4fd:bc1d:abe6:1779","SubjectDomainName":"-","ProcessName":"-","TransmittedServices":"-","ProcessId":"0x0","SubjectUserName":"-","TargetOutboundDomainName":"-","TargetLogonId":"0x3603d1","TargetUserName":"DC01$","RestrictedAdminMode":"-","LogonGuid":"{3e77f549-88ce-61d0-e55c-04553f189eaf}","LogonType":"3","TargetLinkedLogonId":"0x0","VirtualAccount":"%%1843","TargetUserSid":"S-1-5-18","ElevatedToken":"%%1842","WorkstationName":"-"},"EventID":4624,"TimeCreated":"2026-08-22T13:52:55.998Z","Computer":"DC01.coficab.lab"}
{"EventData":{"SubjectUserSid":"S-1-5-18","PrivilegeList":"SeSecurityPrivilege\n\t\t\tSeBackupPrivilege\n\t\t\tSeRestorePrivilege\n\t\t\tSeTakeOwnershipPrivilege\n\t\t\tSeDebugPrivilege\n\t\t\tSeSystemEnvironmentPrivilege\n\t\t\tSeLoadDriverPrivilege\n\t\t\tSeImpersonatePrivilege\n\t\t\tSeDelegateSessionUserImpersonatePrivilege\n\t\t\tSeEnableDelegationPrivilege","SubjectLogonId":"0x3603d1","SubjectDomainName":"COFICAB","SubjectUserName":"DC01$"},"EventID":4672,"TimeCreated":"2026-08-22T13:52:55.998Z","Computer":"DC01.coficab.lab"}
{"EventData":{"TargetUserName":"svc-backup","TargetLogonId":"0x3439ce","TargetDomainName":"COFICAB","LogonType":"3","TargetUserSid":"S-1-5-21-2360746780-2670364454-846150784-1110"},"EventID":4634,"TimeCreated":"2026-08-22T13:52:38.099Z","Computer":"DC01.coficab.lab"}
{"EventData":{"TargetUserName":"svc-backup","TargetLogonId":"0x3439fc","TargetDomainName":"COFICAB","LogonType":"3","TargetUserSid":"S-1-5-21-2360746780-2670364454-846150784-1110"},"EventID":4634,"TimeCreated":"2026-08-22T13:52:38.071Z","Computer":"DC01.coficab.lab"}
{"EventData":{"ObjectName":"%{319b6c57-a15d-4db1-8803-c28208719486}","SubjectUserName":"svc-backup","AccessList":"%%7688\n\t\t\t\t","SubjectLogonId":"0x3439fc","Properties":"%%7688\n\t\t{1131f6ad-9c07-11d1-f79f-00c04fc2dcd2}\n\t{19195a5b-6da0-11d0-afd3-00c04fd930c9}\n","OperationType":"Object Access","ObjectServer":"DS","ObjectType":"%{19195a5b-6da0-11d0-afd3-00c04fd930c9}","SubjectUserSid":"S-1-5-21-2360746780-2670364454-846150784-1110","AccessMask":"0x100","SubjectDomainName":"COFICAB","AdditionalInfo":"-","AdditionalInfo2":null,"HandleId":"0x0"},"EventID":4662,"TimeCreated":"2026-08-22T13:52:38.064Z","Computer":"DC01.coficab.lab"}
{"EventData":{"ObjectName":"%{319b6c57-a15d-4db1-8803-c28208719486}","SubjectUserName":"svc-backup","AccessList":"%%7688\n\t\t\t\t","SubjectLogonId":"0x3439fc","Properties":"%%7688\n\t\t{1131f6aa-9c07-11d1-f79f-00c04fc2dcd2}\n\t{19195a5b-6da0-11d0-afd3-00c04fd930c9}\n","OperationType":"Object Access","ObjectServer":"DS","ObjectType":"%{19195a5b-6da0-11d0-afd3-00c04fd930c9}","SubjectUserSid":"S-1-5-21-2360746780-2670364454-846150784-1110","AccessMask":"0x100","SubjectDomainName":"COFICAB","AdditionalInfo":"-","AdditionalInfo2":null,"HandleId":"0x0"},"EventID":4662,"TimeCreated":"2026-08-22T13:52:38.064Z","Computer":"DC01.coficab.lab"}
{"EventData":{"ObjectName":"%{319b6c57-a15d-4db1-8803-c28208719486}","SubjectUserName":"svc-backup","AccessList":"%%7688\n\t\t\t\t","SubjectLogonId":"0x3439fc","Properties":"%%7688\n\t\t{1131f6aa-9c07-11d1-f79f-00c04fc2dcd2}\n\t{19195a5b-6da0-11d0-afd3-00c04fd930c9}\n","OperationType":"Object Access","ObjectServer":"DS","ObjectType":"%{19195a5b-6da0-11d0-afd3-00c04fd930c9}","SubjectUserSid":"S-1-5-21-2360746780-2670364454-846150784-1110","AccessMask":"0x100","SubjectDomainName":"COFICAB","AdditionalInfo":"-","AdditionalInfo2":null,"HandleId":"0x0"},"EventID":4662,"TimeCreated":"2026-08-22T13:52:38.064Z","Computer":"DC01.coficab.lab"}
{"EventData":{"KeyLength":"128","SubjectUserSid":"S-1-0-0","SubjectLogonId":"0x0","AuthenticationPackageName":"NTLM","TargetOutboundUserName":"-","ImpersonationLevel":"%%1833","LogonProcessName":"NtLmSsp ","TargetDomainName":"COFICAB","IpPort":"58262","LmPackageName":"NTLM V2","IpAddress":"192.168.56.1","SubjectDomainName":"-","ProcessName":"-","TransmittedServices":"-","ProcessId":"0x0","SubjectUserName":"-","TargetOutboundDomainName":"-","TargetLogonId":"0x3439fc","TargetUserName":"svc-backup","RestrictedAdminMode":"-","LogonGuid":"{00000000-0000-0000-0000-000000000000}","LogonType":"3","TargetLinkedLogonId":"0x0","VirtualAccount":"%%1843","TargetUserSid":"S-1-5-21-2360746780-2670364454-846150784-1110","ElevatedToken":"%%1842","WorkstationName":"-"},"EventID":4624,"TimeCreated":"2026-08-22T13:52:38.044Z","Computer":"DC01.coficab.lab"}
{"EventData":{"SubjectUserSid":"S-1-5-21-2360746780-2670364454-846150784-1110","PrivilegeList":"SeSecurityPrivilege\n\t\t\tSeBackupPrivilege\n\t\t\tSeRestorePrivilege\n\t\t\tSeTakeOwnershipPrivilege\n\t\t\tSeDebugPrivilege\n\t\t\tSeSystemEnvironmentPrivilege\n\t\t\tSeLoadDriverPrivilege\n\t\t\tSeImpersonatePrivilege\n\t\t\tSeDelegateSessionUserImpersonatePrivilege\n\t\t\tSeEnableDelegationPrivilege","SubjectLogonId":"0x3439fc","SubjectDomainName":"COFICAB","SubjectUserName":"svc-backup"},"EventID":4672,"TimeCreated":"2026-08-22T13:52:38.044Z","Computer":"DC01.coficab.lab"}
{"EventData":{"TargetUserName":"svc-backup","Status":"0x0","PackageName":"MICROSOFT_AUTHENTICATION_PACKAGE_V1_0","Workstation":null},"EventID":4776,"TimeCreated":"2026-08-22T13:52:38.044Z","Computer":"DC01.coficab.lab"}
{"EventData":{"KeyLength":"128","SubjectUserSid":"S-1-0-0","SubjectLogonId":"0x0","AuthenticationPackageName":"NTLM","TargetOutboundUserName":"-","ImpersonationLevel":"%%1833","LogonProcessName":"NtLmSsp ","TargetDomainName":"COFICAB","IpPort":"44092","LmPackageName":"NTLM V2","IpAddress":"192.168.56.1","SubjectDomainName":"-","ProcessName":"-","TransmittedServices":"-","ProcessId":"0x0","SubjectUserName":"-","TargetOutboundDomainName":"-","TargetLogonId":"0x3439ce","TargetUserName":"svc-backup","RestrictedAdminMode":"-","LogonGuid":"{00000000-0000-0000-0000-000000000000}","LogonType":"3","TargetLinkedLogonId":"0x0","VirtualAccount":"%%1843","TargetUserSid":"S-1-5-21-2360746780-2670364454-846150784-1110","ElevatedToken":"%%1842","WorkstationName":"-"},"EventID":4624,"TimeCreated":"2026-08-22T13:52:38.025Z","Computer":"DC01.coficab.lab"}
{"EventData":{"SubjectUserSid":"S-1-5-21-2360746780-2670364454-846150784-1110","PrivilegeList":"SeSecurityPrivilege\n\t\t\tSeBackupPrivilege\n\t\t\tSeRestorePrivilege\n\t\t\tSeTakeOwnershipPrivilege\n\t\t\tSeDebugPrivilege\n\t\t\tSeSystemEnvironmentPrivilege\n\t\t\tSeLoadDriverPrivilege\n\t\t\tSeImpersonatePrivilege\n\t\t\tSeDelegateSessionUserImpersonatePrivilege\n\t\t\tSeEnableDelegationPrivilege","SubjectLogonId":"0x3439ce","SubjectDomainName":"COFICAB","SubjectUserName":"svc-backup"},"EventID":4672,"TimeCreated":"2026-08-22T13:52:38.024Z","Computer":"DC01.coficab.lab"}
{"EventData":{"TargetUserName":"svc-backup","Status":"0x0","PackageName":"MICROSOFT_AUTHENTICATION_PACKAGE_V1_0","Workstation":null},"EventID":4776,"TimeCreated":"2026-08-22T13:52:38.024Z","Computer":"DC01.coficab.lab"}
{"EventData":{"TargetUserName":"DC01$","TargetLogonId":"0x34386b","TargetDomainName":"COFICAB","LogonType":"3","TargetUserSid":"S-1-5-18"},"EventID":4634,"TimeCreated":"2026-08-22T13:52:31.981Z","Computer":"DC01.coficab.lab"}
{"EventData":{"KeyLength":"0","SubjectUserSid":"S-1-0-0","SubjectLogonId":"0x0","AuthenticationPackageName":"Kerberos","TargetOutboundUserName":"-","ImpersonationLevel":"%%1833","LogonProcessName":"Kerberos","TargetDomainName":"COFICAB.LAB","IpPort":"51841","LmPackageName":"-","IpAddress":"::1","SubjectDomainName":"-","ProcessName":"-","TransmittedServices":"-","ProcessId":"0x0","SubjectUserName":"-","TargetOutboundDomainName":"-","TargetLogonId":"0x34386b","TargetUserName":"DC01$","RestrictedAdminMode":"-","LogonGuid":"{9d25e351-8eac-b73a-3d0f-48a96395188a}","LogonType":"3","TargetLinkedLogonId":"0x0","VirtualAccount":"%%1843","TargetUserSid":"S-1-5-18","ElevatedToken":"%%1842","WorkstationName":"-"},"EventID":4624,"TimeCreated":"2026-08-22T13:52:31.980Z","Computer":"DC01.coficab.lab"}
{"EventData":{"SubjectUserSid":"S-1-5-18","PrivilegeList":"SeSecurityPrivilege\n\t\t\tSeBackupPrivilege\n\t\t\tSeRestorePrivilege\n\t\t\tSeTakeOwnershipPrivilege\n\t\t\tSeDebugPrivilege\n\t\t\tSeSystemEnvironmentPrivilege\n\t\t\tSeLoadDriverPrivilege\n\t\t\tSeImpersonatePrivilege\n\t\t\tSeDelegateSessionUserImpersonatePrivilege\n\t\t\tSeEnableDelegationPrivilege","SubjectLogonId":"0x34386b","SubjectDomainName":"COFICAB","SubjectUserName":"DC01$"},"EventID":4672,"TimeCreated":"2026-08-22T13:52:31.980Z","Computer":"DC01.coficab.lab"}
{"EventData":{"TargetUserName":"DC01$","TargetLogonId":"0x341994","TargetDomainName":"COFICAB","LogonType":"3","TargetUserSid":"S-1-5-18"},"EventID":4634,"TimeCreated":"2026-08-22T13:52:18.792Z","Computer":"DC01.coficab.lab"}
{"EventData":{"TargetUserName":"DC01$","TargetLogonId":"0x341799","TargetDomainName":"COFICAB","LogonType":"3","TargetUserSid":"S-1-5-18"},"EventID":4634,"TimeCreated":"2026-08-22T13:52:07.767Z","Computer":"DC01.coficab.lab"}
{"EventData":{"TargetUserName":"DC01$","TargetLogonId":"0x341a6d","TargetDomainName":"COFICAB","LogonType":"3","TargetUserSid":"S-1-5-18"},"EventID":4634,"TimeCreated":"2026-08-22T13:52:07.765Z","Computer":"DC01.coficab.lab"}
{"EventData":{"KeyLength":"0","SubjectUserSid":"S-1-0-0","SubjectLogonId":"0x0","AuthenticationPackageName":"Kerberos","TargetOutboundUserName":"-","ImpersonationLevel":"%%1833","LogonProcessName":"Kerberos","TargetDomainName":"COFICAB.LAB","IpPort":"0","LmPackageName":"-","IpAddress":"::1","SubjectDomainName":"-","ProcessName":"-","TransmittedServices":"-","ProcessId":"0x0","SubjectUserName":"-","TargetOutboundDomainName":"-","TargetLogonId":"0x341a6d","TargetUserName":"DC01$","RestrictedAdminMode":"-","LogonGuid":"{308d5fe9-d3b7-92a5-9aee-04c049c329a4}","LogonType":"3","TargetLinkedLogonId":"0x0","VirtualAccount":"%%1843","TargetUserSid":"S-1-5-18","ElevatedToken":"%%1842","WorkstationName":"-"},"EventID":4624,"TimeCreated":"2026-08-22T13:52:07.765Z","Computer":"DC01.coficab.lab"}
{"EventData":{"SubjectUserSid":"S-1-5-18","PrivilegeList":"SeSecurityPrivilege\n\t\t\tSeBackupPrivilege\n\t\t\tSeRestorePrivilege\n\t\t\tSeTakeOwnershipPrivilege\n\t\t\tSeDebugPrivilege\n\t\t\tSeSystemEnvironmentPrivilege\n\t\t\tSeLoadDriverPrivilege\n\t\t\tSeImpersonatePrivilege\n\t\t\tSeDelegateSessionUserImpersonatePrivilege\n\t\t\tSeEnableDelegationPrivilege","SubjectLogonId":"0x341a6d","SubjectDomainName":"COFICAB","SubjectUserName":"DC01$"},"EventID":4672,"TimeCreated":"2026-08-22T13:52:07.765Z","Computer":"DC01.coficab.lab"}
{"EventData":{"TargetUserName":"DC01$","TargetLogonId":"0x34188c","TargetDomainName":"COFICAB","LogonType":"3","TargetUserSid":"S-1-5-18"},"EventID":4634,"TimeCreated":"2026-08-22T13:52:07.764Z","Computer":"DC01.coficab.lab"}
{"EventData":{"TargetUserName":"DC01$","TargetLogonId":"0x3418e0","TargetDomainName":"COFICAB","LogonType":"3","TargetUserSid":"S-1-5-18"},"EventID":4634,"TimeCreated":"2026-08-22T13:52:07.764Z","Computer":"DC01.coficab.lab"}
{"EventData":{"KeyLength":"0","SubjectUserSid":"S-1-0-0","SubjectLogonId":"0x0","AuthenticationPackageName":"Kerberos","TargetOutboundUserName":"-","ImpersonationLevel":"%%1840","LogonProcessName":"Kerberos","TargetDomainName":"COFICAB.LAB","IpPort":"51840","LmPackageName":"-","IpAddress":"fe80::a4fd:bc1d:abe6:1779","SubjectDomainName":"-","ProcessName":"-","TransmittedServices":"-","ProcessId":"0x0","SubjectUserName":"-","TargetOutboundDomainName":"-","TargetLogonId":"0x341994","TargetUserName":"DC01$","RestrictedAdminMode":"-","LogonGuid":"{308d5fe9-d3b7-92a5-9aee-04c049c329a4}","LogonType":"3","TargetLinkedLogonId":"0x0","VirtualAccount":"%%1843","TargetUserSid":"S-1-5-18","ElevatedToken":"%%1842","WorkstationName":"-"},"EventID":4624,"TimeCreated":"2026-08-22T13:52:07.760Z","Computer":"DC01.coficab.lab"}
{"EventData":{"SubjectUserSid":"S-1-5-18","PrivilegeList":"SeSecurityPrivilege\n\t\t\tSeBackupPrivilege\n\t\t\tSeRestorePrivilege\n\t\t\tSeTakeOwnershipPrivilege\n\t\t\tSeDebugPrivilege\n\t\t\tSeSystemEnvironmentPrivilege\n\t\t\tSeLoadDriverPrivilege\n\t\t\tSeImpersonatePrivilege\n\t\t\tSeDelegateSessionUserImpersonatePrivilege\n\t\t\tSeEnableDelegationPrivilege","SubjectLogonId":"0x341994","SubjectDomainName":"COFICAB","SubjectUserName":"DC01$"},"EventID":4672,"TimeCreated":"2026-08-22T13:52:07.760Z","Computer":"DC01.coficab.lab"}
{"EventData":{"KeyLength":"0","SubjectUserSid":"S-1-0-0","SubjectLogonId":"0x0","AuthenticationPackageName":"Kerberos","TargetOutboundUserName":"-","ImpersonationLevel":"%%1833","LogonProcessName":"Kerberos","TargetDomainName":"COFICAB.LAB","IpPort":"51839","LmPackageName":"-","IpAddress":"192.168.56.10","SubjectDomainName":"-","ProcessName":"-","TransmittedServices":"-","ProcessId":"0x0","SubjectUserName":"-","TargetOutboundDomainName":"-","TargetLogonId":"0x3418e0","TargetUserName":"DC01$","RestrictedAdminMode":"-","LogonGuid":"{308d5fe9-d3b7-92a5-9aee-04c049c329a4}","LogonType":"3","TargetLinkedLogonId":"0x0","VirtualAccount":"%%1843","TargetUserSid":"S-1-5-18","ElevatedToken":"%%1842","WorkstationName":"-"},"EventID":4624,"TimeCreated":"2026-08-22T13:52:07.754Z","Computer":"DC01.coficab.lab"}
{"EventData":{"SubjectUserSid":"S-1-5-18","PrivilegeList":"SeSecurityPrivilege\n\t\t\tSeBackupPrivilege\n\t\t\tSeRestorePrivilege\n\t\t\tSeTakeOwnershipPrivilege\n\t\t\tSeDebugPrivilege\n\t\t\tSeSystemEnvironmentPrivilege\n\t\t\tSeLoadDriverPrivilege\n\t\t\tSeImpersonatePrivilege\n\t\t\tSeDelegateSessionUserImpersonatePrivilege\n\t\t\tSeEnableDelegationPrivilege","SubjectLogonId":"0x3418e0","SubjectDomainName":"COFICAB","SubjectUserName":"DC01$"},"EventID":4672,"TimeCreated":"2026-08-22T13:52:07.753Z","Computer":"DC01.coficab.lab"}
{"EventData":{"KeyLength":"0","SubjectUserSid":"S-1-0-0","SubjectLogonId":"0x0","AuthenticationPackageName":"Kerberos","TargetOutboundUserName":"-","ImpersonationLevel":"%%1833","LogonProcessName":"Kerberos","TargetDomainName":"COFICAB.LAB","IpPort":"0","LmPackageName":"-","IpAddress":"::1","SubjectDomainName":"-","ProcessName":"-","TransmittedServices":"-","ProcessId":"0x0","SubjectUserName":"-","TargetOutboundDomainName":"-","TargetLogonId":"0x34188c","TargetUserName":"DC01$","RestrictedAdminMode":"-","LogonGuid":"{308d5fe9-d3b7-92a5-9aee-04c049c329a4}","LogonType":"3","TargetLinkedLogonId":"0x0","VirtualAccount":"%%1843","TargetUserSid":"S-1-5-18","ElevatedToken":"%%1842","WorkstationName":"-"},"EventID":4624,"TimeCreated":"2026-08-22T13:52:07.751Z","Computer":"DC01.coficab.lab"}
{"EventData":{"SubjectUserSid":"S-1-5-18","PrivilegeList":"SeSecurityPrivilege\n\t\t\tSeBackupPrivilege\n\t\t\tSeRestorePrivilege\n\t\t\tSeTakeOwnershipPrivilege\n\t\t\tSeDebugPrivilege\n\t\t\tSeSystemEnvironmentPrivilege\n\t\t\tSeLoadDriverPrivilege\n\t\t\tSeImpersonatePrivilege\n\t\t\tSeDelegateSessionUserImpersonatePrivilege\n\t\t\tSeEnableDelegationPrivilege","SubjectLogonId":"0x34188c","SubjectDomainName":"COFICAB","SubjectUserName":"DC01$"},"EventID":4672,"TimeCreated":"2026-08-22T13:52:07.751Z","Computer":"DC01.coficab.lab"}
{"EventData":{"KeyLength":"0","SubjectUserSid":"S-1-0-0","SubjectLogonId":"0x0","AuthenticationPackageName":"Kerberos","TargetOutboundUserName":"-","ImpersonationLevel":"%%1833","LogonProcessName":"Kerberos","TargetDomainName":"COFICAB.LAB","IpPort":"51838","LmPackageName":"-","IpAddress":"fe80::a4fd:bc1d:abe6:1779","SubjectDomainName":"-","ProcessName":"-","TransmittedServices":"-","ProcessId":"0x0","SubjectUserName":"-","TargetOutboundDomainName":"-","TargetLogonId":"0x341799","TargetUserName":"DC01$","RestrictedAdminMode":"-","LogonGuid":"{308d5fe9-d3b7-92a5-9aee-04c049c329a4}","LogonType":"3","TargetLinkedLogonId":"0x0","VirtualAccount":"%%1843","TargetUserSid":"S-1-5-18","ElevatedToken":"%%1842","WorkstationName":"-"},"EventID":4624,"TimeCreated":"2026-08-22T13:52:07.747Z","Computer":"DC01.coficab.lab"}
{"EventData":{"SubjectUserSid":"S-1-5-18","PrivilegeList":"SeSecurityPrivilege\n\t\t\tSeBackupPrivilege\n\t\t\tSeRestorePrivilege\n\t\t\tSeTakeOwnershipPrivilege\n\t\t\tSeDebugPrivilege\n\t\t\tSeSystemEnvironmentPrivilege\n\t\t\tSeLoadDriverPrivilege\n\t\t\tSeImpersonatePrivilege\n\t\t\tSeDelegateSessionUserImpersonatePrivilege\n\t\t\tSeEnableDelegationPrivilege","SubjectLogonId":"0x341799","SubjectDomainName":"COFICAB","SubjectUserName":"DC01$"},"EventID":4672,"TimeCreated":"2026-08-22T13:52:07.747Z","Computer":"DC01.coficab.lab"}
{"EventData":{"TargetUserName":"DC01$","TargetLogonId":"0x3408af","TargetDomainName":"COFICAB","LogonType":"3","TargetUserSid":"S-1-5-18"},"EventID":4634,"TimeCreated":"2026-08-22T13:51:46.705Z","Computer":"DC01.coficab.lab"}
{"EventData":{"KeyLength":"0","SubjectUserSid":"S-1-0-0","SubjectLogonId":"0x0","AuthenticationPackageName":"Kerberos","TargetOutboundUserName":"-","ImpersonationLevel":"%%1833","LogonProcessName":"Kerberos","TargetDomainName":"COFICAB.LAB","IpPort":"51837","LmPackageName":"-","IpAddress":"fe80::a4fd:bc1d:abe6:1779","SubjectDomainName":"-","ProcessName":"-","TransmittedServices":"-","ProcessId":"0x0","SubjectUserName":"-","TargetOutboundDomainName":"-","TargetLogonId":"0x3408af","TargetUserName":"DC01$","RestrictedAdminMode":"-","LogonGuid":"{9d25e351-8eac-b73a-3d0f-48a96395188a}","LogonType":"3","TargetLinkedLogonId":"0x0","VirtualAccount":"%%1843","TargetUserSid":"S-1-5-18","ElevatedToken":"%%1842","WorkstationName":"-"},"EventID":4624,"TimeCreated":"2026-08-22T13:51:46.701Z","Computer":"DC01.coficab.lab"}
{"EventData":{"SubjectUserSid":"S-1-5-18","PrivilegeList":"SeSecurityPrivilege\n\t\t\tSeBackupPrivilege\n\t\t\tSeRestorePrivilege\n\t\t\tSeTakeOwnershipPrivilege\n\t\t\tSeDebugPrivilege\n\t\t\tSeSystemEnvironmentPrivilege\n\t\t\tSeLoadDriverPrivilege\n\t\t\tSeImpersonatePrivilege\n\t\t\tSeDelegateSessionUserImpersonatePrivilege\n\t\t\tSeEnableDelegationPrivilege","SubjectLogonId":"0x3408af","SubjectDomainName":"COFICAB","SubjectUserName":"DC01$"},"EventID":4672,"TimeCreated":"2026-08-22T13:51:46.701Z","Computer":"DC01.coficab.lab"}
{"EventData":{"TargetUserName":"DC01$","TargetLogonId":"0x34081a","TargetDomainName":"COFICAB","LogonType":"3","TargetUserSid":"S-1-5-18"},"EventID":4634,"TimeCreated":"2026-08-22T13:51:46.699Z","Computer":"DC01.coficab.lab"}
{"EventData":{"KeyLength":"0","SubjectUserSid":"S-1-0-0","SubjectLogonId":"0x0","AuthenticationPackageName":"Kerberos","TargetOutboundUserName":"-","ImpersonationLevel":"%%1833","LogonProcessName":"Kerberos","TargetDomainName":"COFICAB.LAB","IpPort":"51836","LmPackageName":"-","IpAddress":"fe80::a4fd:bc1d:abe6:1779","SubjectDomainName":"-","ProcessName":"-","TransmittedServices":"-","ProcessId":"0x0","SubjectUserName":"-","TargetOutboundDomainName":"-","TargetLogonId":"0x34081a","TargetUserName":"DC01$","RestrictedAdminMode":"-","LogonGuid":"{9d25e351-8eac-b73a-3d0f-48a96395188a}","LogonType":"3","TargetLinkedLogonId":"0x0","VirtualAccount":"%%1843","TargetUserSid":"S-1-5-18","ElevatedToken":"%%1842","WorkstationName":"-"},"EventID":4624,"TimeCreated":"2026-08-22T13:51:46.696Z","Computer":"DC01.coficab.lab"}
{"EventData":{"SubjectUserSid":"S-1-5-18","PrivilegeList":"SeSecurityPrivilege\n\t\t\tSeBackupPrivilege\n\t\t\tSeRestorePrivilege\n\t\t\tSeTakeOwnershipPrivilege\n\t\t\tSeDebugPrivilege\n\t\t\tSeSystemEnvironmentPrivilege\n\t\t\tSeLoadDriverPrivilege\n\t\t\tSeImpersonatePrivilege\n\t\t\tSeDelegateSessionUserImpersonatePrivilege\n\t\t\tSeEnableDelegationPrivilege","SubjectLogonId":"0x34081a","SubjectDomainName":"COFICAB","SubjectUserName":"DC01$"},"EventID":4672,"TimeCreated":"2026-08-22T13:51:46.696Z","Computer":"DC01.coficab.lab"}
{"EventData":{"TargetUserName":"DC01$","TargetLogonId":"0x3400fb","TargetDomainName":"COFICAB","LogonType":"3","TargetUserSid":"S-1-5-18"},"EventID":4634,"TimeCreated":"2026-08-22T13:51:31.966Z","Computer":"DC01.coficab.lab"}
{"EventData":{"KeyLength":"0","SubjectUserSid":"S-1-0-0","SubjectLogonId":"0x0","AuthenticationPackageName":"Kerberos","TargetOutboundUserName":"-","ImpersonationLevel":"%%1833","LogonProcessName":"Kerberos","TargetDomainName":"COFICAB.LAB","IpPort":"51834","LmPackageName":"-","IpAddress":"::1","SubjectDomainName":"-","ProcessName":"-","TransmittedServices":"-","ProcessId":"0x0","SubjectUserName":"-","TargetOutboundDomainName":"-","TargetLogonId":"0x3400fb","TargetUserName":"DC01$","RestrictedAdminMode":"-","LogonGuid":"{9d25e351-8eac-b73a-3d0f-48a96395188a}","LogonType":"3","TargetLinkedLogonId":"0x0","VirtualAccount":"%%1843","TargetUserSid":"S-1-5-18","ElevatedToken":"%%1842","WorkstationName":"-"},"EventID":4624,"TimeCreated":"2026-08-22T13:51:31.965Z","Computer":"DC01.coficab.lab"}
{"EventData":{"SubjectUserSid":"S-1-5-18","PrivilegeList":"SeSecurityPrivilege\n\t\t\tSeBackupPrivilege\n\t\t\tSeRestorePrivilege\n\t\t\tSeTakeOwnershipPrivilege\n\t\t\tSeDebugPrivilege\n\t\t\tSeSystemEnvironmentPrivilege\n\t\t\tSeLoadDriverPrivilege\n\t\t\tSeImpersonatePrivilege\n\t\t\tSeDelegateSessionUserImpersonatePrivilege\n\t\t\tSeEnableDelegationPrivilege","SubjectLogonId":"0x3400fb","SubjectDomainName":"COFICAB","SubjectUserName":"DC01$"},"EventID":4672,"TimeCreated":"2026-08-22T13:51:31.965Z","Computer":"DC01.coficab.lab"}
{"EventData":{"TargetUserName":"DC01$","TargetLogonId":"0x33e18f","TargetDomainName":"COFICAB","LogonType":"3","TargetUserSid":"S-1-5-18"},"EventID":4634,"TimeCreated":"2026-08-22T13:51:15.245Z","Computer":"DC01.coficab.lab"}
{"EventData":{"TargetUserName":"aymen","TargetLogonId":"0x33e5fd","TargetDomainName":"COFICAB","LogonType":"3","TargetUserSid":"S-1-5-21-2360746780-2670364454-846150784-1103"},"EventID":4634,"TimeCreated":"2026-08-22T13:51:12.474Z","Computer":"DC01.coficab.lab"}
{"EventData":{"TargetUserName":"aymen@COFICAB.LAB","ServiceName":"svc-backup","LogonGuid":"{e341d422-4016-d2ce-8801-b0e59dccc06e}","IpPort":"57668","IpAddress":"::ffff:192.168.56.1","TicketEncryptionType":"0x17","TicketOptions":"0x40810010","TransmittedServices":"-","ServiceSid":"S-1-5-21-2360746780-2670364454-846150784-1110","Status":"0x0","TargetDomainName":"COFICAB.LAB"},"EventID":4769,"TimeCreated":"2026-08-22T13:51:12.471Z","Computer":"DC01.coficab.lab"}
{"EventData":{"TargetUserName":"aymen@COFICAB.LAB","ServiceName":"svc-sql","LogonGuid":"{e341d422-4016-d2ce-8801-b0e59dccc06e}","IpPort":"57656","IpAddress":"::ffff:192.168.56.1","TicketEncryptionType":"0x17","TicketOptions":"0x40810010","TransmittedServices":"-","ServiceSid":"S-1-5-21-2360746780-2670364454-846150784-1109","Status":"0x0","TargetDomainName":"COFICAB.LAB"},"EventID":4769,"TimeCreated":"2026-08-22T13:51:12.467Z","Computer":"DC01.coficab.lab"}
{"EventData":{"TargetSid":"S-1-5-21-2360746780-2670364454-846150784-1103","ServiceSid":"S-1-5-21-2360746780-2670364454-846150784-502","IpAddress":"::ffff:192.168.56.1","TicketOptions":"0x50800000","IpPort":"57646","TicketEncryptionType":"0x17","CertThumbprint":null,"CertIssuerName":null,"ServiceName":"krbtgt","CertSerialNumber":null,"Status":"0x0","PreAuthType":"2","TargetDomainName":"COFICAB.LAB","TargetUserName":"aymen"},"EventID":4768,"TimeCreated":"2026-08-22T13:51:12.464Z","Computer":"DC01.coficab.lab"}
{"EventData":{"KeyLength":"128","SubjectUserSid":"S-1-0-0","SubjectLogonId":"0x0","AuthenticationPackageName":"NTLM","TargetOutboundUserName":"-","ImpersonationLevel":"%%1833","LogonProcessName":"NtLmSsp ","TargetDomainName":"COFICAB","IpPort":"57504","LmPackageName":"NTLM V2","IpAddress":"192.168.56.1","SubjectDomainName":"-","ProcessName":"-","TransmittedServices":"-","ProcessId":"0x0","SubjectUserName":"-","TargetOutboundDomainName":"-","TargetLogonId":"0x33e5fd","TargetUserName":"aymen","RestrictedAdminMode":"-","LogonGuid":"{00000000-0000-0000-0000-000000000000}","LogonType":"3","TargetLinkedLogonId":"0x0","VirtualAccount":"%%1843","TargetUserSid":"S-1-5-21-2360746780-2670364454-846150784-1103","ElevatedToken":"%%1842","WorkstationName":"-"},"EventID":4624,"TimeCreated":"2026-08-22T13:51:12.457Z","Computer":"DC01.coficab.lab"}
{"EventData":{"TargetUserName":"aymen","Status":"0x0","PackageName":"MICROSOFT_AUTHENTICATION_PACKAGE_V1_0","Workstation":null},"EventID":4776,"TimeCreated":"2026-08-22T13:51:12.457Z","Computer":"DC01.coficab.lab"}
{"EventData":{"KeyLength":"0","SubjectUserSid":"S-1-0-0","SubjectLogonId":"0x0","AuthenticationPackageName":"Kerberos","TargetOutboundUserName":"-","ImpersonationLevel":"%%1840","LogonProcessName":"Kerberos","TargetDomainName":"COFICAB.LAB","IpPort":"51832","LmPackageName":"-","IpAddress":"fe80::a4fd:bc1d:abe6:1779","SubjectDomainName":"-","ProcessName":"-","TransmittedServices":"-","ProcessId":"0x0","SubjectUserName":"-","TargetOutboundDomainName":"-","TargetLogonId":"0x33e18f","TargetUserName":"DC01$","RestrictedAdminMode":"-","LogonGuid":"{3e77f549-88ce-61d0-e55c-04553f189eaf}","LogonType":"3","TargetLinkedLogonId":"0x0","VirtualAccount":"%%1843","TargetUserSid":"S-1-5-18","ElevatedToken":"%%1842","WorkstationName":"-"},"EventID":4624,"TimeCreated":"2026-08-22T13:51:04.528Z","Computer":"DC01.coficab.lab"}
{"EventData":{"SubjectUserSid":"S-1-5-18","PrivilegeList":"SeSecurityPrivilege\n\t\t\tSeBackupPrivilege\n\t\t\tSeRestorePrivilege\n\t\t\tSeTakeOwnershipPrivilege\n\t\t\tSeDebugPrivilege\n\t\t\tSeSystemEnvironmentPrivilege\n\t\t\tSeLoadDriverPrivilege\n\t\t\tSeImpersonatePrivilege\n\t\t\tSeDelegateSessionUserImpersonatePrivilege\n\t\t\tSeEnableDelegationPrivilege","SubjectLogonId":"0x33e18f","SubjectDomainName":"COFICAB","SubjectUserName":"DC01$"},"EventID":4672,"TimeCreated":"2026-08-22T13:51:04.528Z","Computer":"DC01.coficab.lab"}
{"EventData":{"TargetUserName":"aymen","TargetLogonId":"0x33dfde","TargetDomainName":"COFICAB","LogonType":"3","TargetUserSid":"S-1-5-21-2360746780-2670364454-846150784-1103"},"EventID":4634,"TimeCreated":"2026-08-22T13:51:04.467Z","Computer":"DC01.coficab.lab"}
{"EventData":{"TargetUserName":"aymen","TargetLogonId":"0x33dff1","TargetDomainName":"COFICAB","LogonType":"3","TargetUserSid":"S-1-5-21-2360746780-2670364454-846150784-1103"},"EventID":4634,"TimeCreated":"2026-08-22T13:51:04.467Z","Computer":"DC01.coficab.lab"}
{"EventData":{"TargetUserName":"aymen","TargetLogonId":"0x33e023","TargetDomainName":"COFICAB","LogonType":"3","TargetUserSid":"S-1-5-21-2360746780-2670364454-846150784-1103"},"EventID":4634,"TimeCreated":"2026-08-22T13:51:04.354Z","Computer":"DC01.coficab.lab"}
{"EventData":{"SubjectDomainName":"COFICAB","TargetUserName":"Remote Management Users","TargetSid":"S-1-5-32-580","CallerProcessId":"0x0","SubjectLogonId":"0x33e023","SubjectUserName":"aymen","SubjectUserSid":"S-1-5-21-2360746780-2670364454-846150784-1103","TargetDomainName":"Builtin","CallerProcessName":"-"},"EventID":4799,"TimeCreated":"2026-08-22T13:51:04.313Z","Computer":"DC01.coficab.lab"}
{"EventData":{"SubjectDomainName":"COFICAB","TargetUserName":"Distributed COM Users","TargetSid":"S-1-5-32-562","CallerProcessId":"0x0","SubjectLogonId":"0x33e023","SubjectUserName":"aymen","SubjectUserSid":"S-1-5-21-2360746780-2670364454-846150784-1103","TargetDomainName":"Builtin","CallerProcessName":"-"},"EventID":4799,"TimeCreated":"2026-08-22T13:51:04.293Z","Computer":"DC01.coficab.lab"}
{"EventData":{"SubjectDomainName":"COFICAB","TargetUserName":"Remote Desktop Users","TargetSid":"S-1-5-32-555","CallerProcessId":"0x0","SubjectLogonId":"0x33e023","SubjectUserName":"aymen","SubjectUserSid":"S-1-5-21-2360746780-2670364454-846150784-1103","TargetDomainName":"Builtin","CallerProcessName":"-"},"EventID":4799,"TimeCreated":"2026-08-22T13:51:04.272Z","Computer":"DC01.coficab.lab"}
{"EventData":{"SubjectDomainName":"COFICAB","TargetUserName":"Administrators","TargetSid":"S-1-5-32-544","CallerProcessId":"0x0","SubjectLogonId":"0x33e023","SubjectUserName":"aymen","SubjectUserSid":"S-1-5-21-2360746780-2670364454-846150784-1103","TargetDomainName":"Builtin","CallerProcessName":"-"},"EventID":4799,"TimeCreated":"2026-08-22T13:51:04.231Z","Computer":"DC01.coficab.lab"}
{"EventData":{"KeyLength":"0","SubjectUserSid":"S-1-0-0","SubjectLogonId":"0x0","AuthenticationPackageName":"Kerberos","TargetOutboundUserName":"-","ImpersonationLevel":"%%1833","LogonProcessName":"Kerberos","TargetDomainName":"COFICAB.LAB","IpPort":"34886","LmPackageName":"-","IpAddress":"192.168.56.1","SubjectDomainName":"-","ProcessName":"-","TransmittedServices":"-","ProcessId":"0x0","SubjectUserName":"-","TargetOutboundDomainName":"-","TargetLogonId":"0x33e023","TargetUserName":"aymen","RestrictedAdminMode":"-","LogonGuid":"{2c789cdd-01f7-3f23-ceeb-2b153993e8d4}","LogonType":"3","TargetLinkedLogonId":"0x0","VirtualAccount":"%%1843","TargetUserSid":"S-1-5-21-2360746780-2670364454-846150784-1103","ElevatedToken":"%%1842","WorkstationName":"-"},"EventID":4624,"TimeCreated":"2026-08-22T13:51:04.202Z","Computer":"DC01.coficab.lab"}
{"EventData":{"TargetUserName":"aymen@COFICAB.LAB","ServiceName":"DC01$","LogonGuid":"{99962403-24f1-f997-6bab-2d90a930984c}","IpPort":"57620","IpAddress":"::ffff:192.168.56.1","TicketEncryptionType":"0x12","TicketOptions":"0x40810010","TransmittedServices":"-","ServiceSid":"S-1-5-21-2360746780-2670364454-846150784-1000","Status":"0x0","TargetDomainName":"COFICAB.LAB"},"EventID":4769,"TimeCreated":"2026-08-22T13:51:04.194Z","Computer":"DC01.coficab.lab"}
{"EventData":{"KeyLength":"0","SubjectUserSid":"S-1-0-0","SubjectLogonId":"0x0","AuthenticationPackageName":"Kerberos","TargetOutboundUserName":"-","ImpersonationLevel":"%%1833","LogonProcessName":"Kerberos","TargetDomainName":"COFICAB.LAB","IpPort":"58597","LmPackageName":"-","IpAddress":"192.168.56.1","SubjectDomainName":"-","ProcessName":"-","TransmittedServices":"-","ProcessId":"0x0","SubjectUserName":"-","TargetOutboundDomainName":"-","TargetLogonId":"0x33dff1","TargetUserName":"aymen","RestrictedAdminMode":"-","LogonGuid":"{cd20e9cb-b782-226d-7793-4ce1870f289f}","LogonType":"3","TargetLinkedLogonId":"0x0","VirtualAccount":"%%1843","TargetUserSid":"S-1-5-21-2360746780-2670364454-846150784-1103","ElevatedToken":"%%1842","WorkstationName":"-"},"EventID":4624,"TimeCreated":"2026-08-22T13:51:03.983Z","Computer":"DC01.coficab.lab"}
{"EventData":{"TargetUserName":"aymen@COFICAB.LAB","ServiceName":"DC01$","LogonGuid":"{74ce7c18-ad1a-02ff-cd4b-e7663700c63d}","IpPort":"57612","IpAddress":"::ffff:192.168.56.1","TicketEncryptionType":"0x12","TicketOptions":"0x40810010","TransmittedServices":"-","ServiceSid":"S-1-5-21-2360746780-2670364454-846150784-1000","Status":"0x0","TargetDomainName":"COFICAB.LAB"},"EventID":4769,"TimeCreated":"2026-08-22T13:51:03.979Z","Computer":"DC01.coficab.lab"}
{"EventData":{"KeyLength":"0","SubjectUserSid":"S-1-0-0","SubjectLogonId":"0x0","AuthenticationPackageName":"Kerberos","TargetOutboundUserName":"-","ImpersonationLevel":"%%1833","LogonProcessName":"Kerberos","TargetDomainName":"COFICAB.LAB","IpPort":"42609","LmPackageName":"-","IpAddress":"192.168.56.1","SubjectDomainName":"-","ProcessName":"-","TransmittedServices":"-","ProcessId":"0x0","SubjectUserName":"-","TargetOutboundDomainName":"-","TargetLogonId":"0x33dfde","TargetUserName":"aymen","RestrictedAdminMode":"-","LogonGuid":"{cd20e9cb-b782-226d-7793-4ce1870f289f}","LogonType":"3","TargetLinkedLogonId":"0x0","VirtualAccount":"%%1843","TargetUserSid":"S-1-5-21-2360746780-2670364454-846150784-1103","ElevatedToken":"%%1842","WorkstationName":"-"},"EventID":4624,"TimeCreated":"2026-08-22T13:51:03.844Z","Computer":"DC01.coficab.lab"}
{"EventData":{"TargetUserName":"aymen@COFICAB.LAB","ServiceName":"DC01$","LogonGuid":"{74ce7c18-ad1a-02ff-cd4b-e7663700c63d}","IpPort":"57608","IpAddress":"::ffff:192.168.56.1","TicketEncryptionType":"0x12","TicketOptions":"0x40810010","TransmittedServices":"-","ServiceSid":"S-1-5-21-2360746780-2670364454-846150784-1000","Status":"0x0","TargetDomainName":"COFICAB.LAB"},"EventID":4769,"TimeCreated":"2026-08-22T13:51:03.840Z","Computer":"DC01.coficab.lab"}
{"EventData":{"TargetSid":"S-1-5-21-2360746780-2670364454-846150784-1103","ServiceSid":"S-1-5-21-2360746780-2670364454-846150784-502","IpAddress":"::ffff:192.168.56.1","TicketOptions":"0x50800000","IpPort":"57598","TicketEncryptionType":"0x12","CertThumbprint":null,"CertIssuerName":null,"ServiceName":"krbtgt","CertSerialNumber":null,"Status":"0x0","PreAuthType":"2","TargetDomainName":"COFICAB.LAB","TargetUserName":"aymen"},"EventID":4768,"TimeCreated":"2026-08-22T13:51:03.831Z","Computer":"DC01.coficab.lab"}
{"EventData":{"TargetUserName":"aymen","TargetLogonId":"0x33cea6","TargetDomainName":"COFICAB","LogonType":"3","TargetUserSid":"S-1-5-21-2360746780-2670364454-846150784-1103"},"EventID":4634,"TimeCreated":"2026-08-22T13:50:42.847Z","Computer":"DC01.coficab.lab"}
{"EventData":{"TargetUserName":"aymen","TargetLogonId":"0x33ce74","TargetDomainName":"COFICAB","LogonType":"3","TargetUserSid":"S-1-5-21-2360746780-2670364454-846150784-1103"},"EventID":4634,"TimeCreated":"2026-08-22T13:50:42.847Z","Computer":"DC01.coficab.lab"}
{"EventData":{"TargetUserName":"aymen","TargetLogonId":"0x33cedb","TargetDomainName":"COFICAB","LogonType":"3","TargetUserSid":"S-1-5-21-2360746780-2670364454-846150784-1103"},"EventID":4634,"TimeCreated":"2026-08-22T13:50:42.732Z","Computer":"DC01.coficab.lab"}
{"EventData":{"SubjectDomainName":"COFICAB","TargetUserName":"Remote Management Users","TargetSid":"S-1-5-32-580","CallerProcessId":"0x0","SubjectLogonId":"0x33cedb","SubjectUserName":"aymen","SubjectUserSid":"S-1-5-21-2360746780-2670364454-846150784-1103","TargetDomainName":"Builtin","CallerProcessName":"-"},"EventID":4799,"TimeCreated":"2026-08-22T13:50:42.692Z","Computer":"DC01.coficab.lab"}
{"EventData":{"SubjectDomainName":"COFICAB","TargetUserName":"Distributed COM Users","TargetSid":"S-1-5-32-562","CallerProcessId":"0x0","SubjectLogonId":"0x33cedb","SubjectUserName":"aymen","SubjectUserSid":"S-1-5-21-2360746780-2670364454-846150784-1103","TargetDomainName":"Builtin","CallerProcessName":"-"},"EventID":4799,"TimeCreated":"2026-08-22T13:50:42.671Z","Computer":"DC01.coficab.lab"}
{"EventData":{"SubjectDomainName":"COFICAB","TargetUserName":"Remote Desktop Users","TargetSid":"S-1-5-32-555","CallerProcessId":"0x0","SubjectLogonId":"0x33cedb","SubjectUserName":"aymen","SubjectUserSid":"S-1-5-21-2360746780-2670364454-846150784-1103","TargetDomainName":"Builtin","CallerProcessName":"-"},"EventID":4799,"TimeCreated":"2026-08-22T13:50:42.651Z","Computer":"DC01.coficab.lab"}
{"EventData":{"SubjectDomainName":"COFICAB","TargetUserName":"Administrators","TargetSid":"S-1-5-32-544","CallerProcessId":"0x0","SubjectLogonId":"0x33cedb","SubjectUserName":"aymen","SubjectUserSid":"S-1-5-21-2360746780-2670364454-846150784-1103","TargetDomainName":"Builtin","CallerProcessName":"-"},"EventID":4799,"TimeCreated":"2026-08-22T13:50:42.613Z","Computer":"DC01.coficab.lab"}
{"EventData":{"KeyLength":"0","SubjectUserSid":"S-1-0-0","SubjectLogonId":"0x0","AuthenticationPackageName":"Kerberos","TargetOutboundUserName":"-","ImpersonationLevel":"%%1833","LogonProcessName":"Kerberos","TargetDomainName":"COFICAB.LAB","IpPort":"54408","LmPackageName":"-","IpAddress":"192.168.56.1","SubjectDomainName":"-","ProcessName":"-","TransmittedServices":"-","ProcessId":"0x0","SubjectUserName":"-","TargetOutboundDomainName":"-","TargetLogonId":"0x33cedb","TargetUserName":"aymen","RestrictedAdminMode":"-","LogonGuid":"{42347d06-aae0-0691-5fd3-8089c0c40f68}","LogonType":"3","TargetLinkedLogonId":"0x0","VirtualAccount":"%%1843","TargetUserSid":"S-1-5-21-2360746780-2670364454-846150784-1103","ElevatedToken":"%%1842","WorkstationName":"-"},"EventID":4624,"TimeCreated":"2026-08-22T13:50:42.584Z","Computer":"DC01.coficab.lab"}
{"EventData":{"TargetUserName":"aymen@COFICAB.LAB","ServiceName":"DC01$","LogonGuid":"{82db7d04-1439-c036-3e9f-f55615557fb8}","IpPort":"53438","IpAddress":"::ffff:192.168.56.1","TicketEncryptionType":"0x12","TicketOptions":"0x40810010","TransmittedServices":"-","ServiceSid":"S-1-5-21-2360746780-2670364454-846150784-1000","Status":"0x0","TargetDomainName":"COFICAB.LAB"},"EventID":4769,"TimeCreated":"2026-08-22T13:50:42.575Z","Computer":"DC01.coficab.lab"}
{"EventData":{"KeyLength":"0","SubjectUserSid":"S-1-0-0","SubjectLogonId":"0x0","AuthenticationPackageName":"Kerberos","TargetOutboundUserName":"-","ImpersonationLevel":"%%1833","LogonProcessName":"Kerberos","TargetDomainName":"COFICAB.LAB","IpPort":"45675","LmPackageName":"-","IpAddress":"192.168.56.1","SubjectDomainName":"-","ProcessName":"-","TransmittedServices":"-","ProcessId":"0x0","SubjectUserName":"-","TargetOutboundDomainName":"-","TargetLogonId":"0x33cea6","TargetUserName":"aymen","RestrictedAdminMode":"-","LogonGuid":"{42347d06-aae0-0691-5fd3-8089c0c40f68}","LogonType":"3","TargetLinkedLogonId":"0x0","VirtualAccount":"%%1843","TargetUserSid":"S-1-5-21-2360746780-2670364454-846150784-1103","ElevatedToken":"%%1842","WorkstationName":"-"},"EventID":4624,"TimeCreated":"2026-08-22T13:50:42.365Z","Computer":"DC01.coficab.lab"}
{"EventData":{"TargetUserName":"aymen@COFICAB.LAB","ServiceName":"DC01$","LogonGuid":"{82db7d04-1439-c036-3e9f-f55615557fb8}","IpPort":"53432","IpAddress":"::ffff:192.168.56.1","TicketEncryptionType":"0x12","TicketOptions":"0x40810010","TransmittedServices":"-","ServiceSid":"S-1-5-21-2360746780-2670364454-846150784-1000","Status":"0x0","TargetDomainName":"COFICAB.LAB"},"EventID":4769,"TimeCreated":"2026-08-22T13:50:42.361Z","Computer":"DC01.coficab.lab"}
{"EventData":{"KeyLength":"0","SubjectUserSid":"S-1-0-0","SubjectLogonId":"0x0","AuthenticationPackageName":"Kerberos","TargetOutboundUserName":"-","ImpersonationLevel":"%%1833","LogonProcessName":"Kerberos","TargetDomainName":"COFICAB.LAB","IpPort":"34391","LmPackageName":"-","IpAddress":"192.168.56.1","SubjectDomainName":"-","ProcessName":"-","TransmittedServices":"-","ProcessId":"0x0","SubjectUserName":"-","TargetOutboundDomainName":"-","TargetLogonId":"0x33ce74","TargetUserName":"aymen","RestrictedAdminMode":"-","LogonGuid":"{42347d06-aae0-0691-5fd3-8089c0c40f68}","LogonType":"3","TargetLinkedLogonId":"0x0","VirtualAccount":"%%1843","TargetUserSid":"S-1-5-21-2360746780-2670364454-846150784-1103","ElevatedToken":"%%1842","WorkstationName":"-"},"EventID":4624,"TimeCreated":"2026-08-22T13:50:42.217Z","Computer":"DC01.coficab.lab"}
{"EventData":{"TargetUserName":"aymen@COFICAB.LAB","ServiceName":"DC01$","LogonGuid":"{82db7d04-1439-c036-3e9f-f55615557fb8}","IpPort":"53420","IpAddress":"::ffff:192.168.56.1","TicketEncryptionType":"0x12","TicketOptions":"0x40810010","TransmittedServices":"-","ServiceSid":"S-1-5-21-2360746780-2670364454-846150784-1000","Status":"0x0","TargetDomainName":"COFICAB.LAB"},"EventID":4769,"TimeCreated":"2026-08-22T13:50:42.214Z","Computer":"DC01.coficab.lab"}
{"EventData":{"TargetSid":"S-1-5-21-2360746780-2670364454-846150784-1103","ServiceSid":"S-1-5-21-2360746780-2670364454-846150784-502","IpAddress":"::ffff:192.168.56.1","TicketOptions":"0x50800000","IpPort":"53416","TicketEncryptionType":"0x12","CertThumbprint":null,"CertIssuerName":null,"ServiceName":"krbtgt","CertSerialNumber":null,"Status":"0x0","PreAuthType":"2","TargetDomainName":"COFICAB.LAB","TargetUserName":"aymen"},"EventID":4768,"TimeCreated":"2026-08-22T13:50:42.205Z","Computer":"DC01.coficab.lab"}
{"EventData":{"TargetUserName":"DC01$","TargetLogonId":"0x33cca0","TargetDomainName":"COFICAB","LogonType":"3","TargetUserSid":"S-1-5-18"},"EventID":4634,"TimeCreated":"2026-08-22T13:50:31.950Z","Computer":"DC01.coficab.lab"}
{"EventData":{"KeyLength":"0","SubjectUserSid":"S-1-0-0","SubjectLogonId":"0x0","AuthenticationPackageName":"Kerberos","TargetOutboundUserName":"-","ImpersonationLevel":"%%1833","LogonProcessName":"Kerberos","TargetDomainName":"COFICAB.LAB","IpPort":"51831","LmPackageName":"-","IpAddress":"::1","SubjectDomainName":"-","ProcessName":"-","TransmittedServices":"-","ProcessId":"0x0","SubjectUserName":"-","TargetOutboundDomainName":"-","TargetLogonId":"0x33cca0","TargetUserName":"DC01$","RestrictedAdminMode":"-","LogonGuid":"{9d25e351-8eac-b73a-3d0f-48a96395188a}","LogonType":"3","TargetLinkedLogonId":"0x0","VirtualAccount":"%%1843","TargetUserSid":"S-1-5-18","ElevatedToken":"%%1842","WorkstationName":"-"},"EventID":4624,"TimeCreated":"2026-08-22T13:50:31.949Z","Computer":"DC01.coficab.lab"}
{"EventData":{"SubjectUserSid":"S-1-5-18","PrivilegeList":"SeSecurityPrivilege\n\t\t\tSeBackupPrivilege\n\t\t\tSeRestorePrivilege\n\t\t\tSeTakeOwnershipPrivilege\n\t\t\tSeDebugPrivilege\n\t\t\tSeSystemEnvironmentPrivilege\n\t\t\tSeLoadDriverPrivilege\n\t\t\tSeImpersonatePrivilege\n\t\t\tSeDelegateSessionUserImpersonatePrivilege\n\t\t\tSeEnableDelegationPrivilege","SubjectLogonId":"0x33cca0","SubjectDomainName":"COFICAB","SubjectUserName":"DC01$"},"EventID":4672,"TimeCreated":"2026-08-22T13:50:31.949Z","Computer":"DC01.coficab.lab"}
{"EventData":{"Image":"C:\\Windows\\System32\\svchost.exe","ProcessGuid":"{711d5680-fe18-6a89-1900-000000001200}","TargetFilename":"C:\\Windows\\ServiceState\\EventLog\\Data\\lastalive0.dat","ProcessId":"1136","UtcTime":"2026-08-22 13:52:58.625","RuleName":"technique_id=T1574.010,technique_name=Services File Permissions Weakness","CreationUtcTime":"2026-08-16 22:00:10.037","User":"NT AUTHORITY\\LOCAL SERVICE"},"EventID":11,"TimeCreated":"2026-08-22T13:52:58.627Z","Computer":"DC01.coficab.lab"}
{"EventData":{"Image":"C:\\Windows\\system32\\svchost.exe","ProcessGuid":"{711d5680-fe18-6a89-1700-000000001200}","QueryResults":"fe80::a4fd:bc1d:abe6:1779;::ffff:192.168.56.10;","QueryName":"DC01","ProcessId":"1056","UtcTime":"2026-08-22 13:52:55.912","RuleName":"-","QueryStatus":"0","User":"NT AUTHORITY\\NETWORK SERVICE"},"EventID":22,"TimeCreated":"2026-08-22T13:52:58.471Z","Computer":"DC01.coficab.lab"}
{"EventData":{"SourceImage":"C:\\Windows\\Sysmon64.exe","GrantedAccess":"0x1fffff","SourceThreadId":"3896","SourceUser":"NT AUTHORITY\\SYSTEM","UtcTime":"2026-08-22 13:52:40.262","TargetProcessGUID":"{711d5680-fe16-6a89-0c00-000000001200}","SourceProcessId":"2848","TargetProcessId":"636","RuleName":"technique_id=T1003,technique_name=Credential Dumping","SourceProcessGUID":"{711d5680-8da2-6a89-4300-000000001200}","CallTrace":"C:\\Windows\\SYSTEM32\\ntdll.dll+9f3b4|C:\\Windows\\SYSTEM32\\ntdll.dll+db730|C:\\Windows\\System32\\KERNEL32.DLL+1e134|C:\\Windows\\System32\\KERNEL32.DLL+2524e|C:\\Windows\\Sysmon64.exe+78e2c|C:\\Windows\\Sysmon64.exe+7a47e|C:\\Windows\\Sysmon64.exe+a1100|C:\\Windows\\Sysmon64.exe+7b20f|C:\\Windows\\Sysmon64.exe+80e5a|C:\\Windows\\Sysmon64.exe+831df|C:\\Windows\\Sysmon64.exe+8f9bf|C:\\Windows\\Sysmon64.exe+8fad5|C:\\Windows\\Sysmon64.exe+baf7a|C:\\Windows\\System32\\KERNEL32.DLL+14ed0|C:\\Windows\\SYSTEM32\\ntdll.dll+7e39b","TargetUser":"NT AUTHORITY\\SYSTEM","TargetImage":"C:\\Windows\\system32\\lsass.exe"},"EventID":10,"TimeCreated":"2026-08-22T13:52:40.263Z","Computer":"DC01.coficab.lab"}
{"EventData":{"SourceImage":"C:\\Windows\\Sysmon64.exe","GrantedAccess":"0x1fffff","SourceThreadId":"3896","SourceUser":"NT AUTHORITY\\SYSTEM","UtcTime":"2026-08-22 13:52:33.044","TargetProcessGUID":"{711d5680-fe16-6a89-0c00-000000001200}","SourceProcessId":"2848","TargetProcessId":"636","RuleName":"technique_id=T1003,technique_name=Credential Dumping","SourceProcessGUID":"{711d5680-8da2-6a89-4300-000000001200}","CallTrace":"C:\\Windows\\SYSTEM32\\ntdll.dll+9f3b4|C:\\Windows\\SYSTEM32\\ntdll.dll+db730|C:\\Windows\\System32\\KERNEL32.DLL+1e134|C:\\Windows\\System32\\KERNEL32.DLL+2524e|C:\\Windows\\Sysmon64.exe+78e2c|C:\\Windows\\Sysmon64.exe+7a47e|C:\\Windows\\Sysmon64.exe+a1100|C:\\Windows\\Sysmon64.exe+7b20f|C:\\Windows\\Sysmon64.exe+80e5a|C:\\Windows\\Sysmon64.exe+831df|C:\\Windows\\Sysmon64.exe+8f9bf|C:\\Windows\\Sysmon64.exe+8fad5|C:\\Windows\\Sysmon64.exe+baf7a|C:\\Windows\\System32\\KERNEL32.DLL+14ed0|C:\\Windows\\SYSTEM32\\ntdll.dll+7e39b","TargetUser":"NT AUTHORITY\\SYSTEM","TargetImage":"C:\\Windows\\system32\\lsass.exe"},"EventID":10,"TimeCreated":"2026-08-22T13:52:33.044Z","Computer":"DC01.coficab.lab"}
{"EventData":{"SourceImage":"C:\\Windows\\Sysmon64.exe","GrantedAccess":"0x1fffff","SourceThreadId":"3896","SourceUser":"NT AUTHORITY\\SYSTEM","UtcTime":"2026-08-22 13:52:09.041","TargetProcessGUID":"{711d5680-fe16-6a89-0c00-000000001200}","SourceProcessId":"2848","TargetProcessId":"636","RuleName":"technique_id=T1003,technique_name=Credential Dumping","SourceProcessGUID":"{711d5680-8da2-6a89-4300-000000001200}","CallTrace":"C:\\Windows\\SYSTEM32\\ntdll.dll+9f3b4|C:\\Windows\\SYSTEM32\\ntdll.dll+db730|C:\\Windows\\System32\\KERNEL32.DLL+1e134|C:\\Windows\\System32\\KERNEL32.DLL+2524e|C:\\Windows\\Sysmon64.exe+78e2c|C:\\Windows\\Sysmon64.exe+7a47e|C:\\Windows\\Sysmon64.exe+a1100|C:\\Windows\\Sysmon64.exe+7b20f|C:\\Windows\\Sysmon64.exe+80e5a|C:\\Windows\\Sysmon64.exe+831df|C:\\Windows\\Sysmon64.exe+8f9bf|C:\\Windows\\Sysmon64.exe+8fad5|C:\\Windows\\Sysmon64.exe+baf7a|C:\\Windows\\System32\\KERNEL32.DLL+14ed0|C:\\Windows\\SYSTEM32\\ntdll.dll+7e39b","TargetUser":"NT AUTHORITY\\SYSTEM","TargetImage":"C:\\Windows\\system32\\lsass.exe"},"EventID":10,"TimeCreated":"2026-08-22T13:52:09.043Z","Computer":"DC01.coficab.lab"}
{"EventData":{"SourceImage":"C:\\Windows\\Sysmon64.exe","GrantedAccess":"0x1fffff","SourceThreadId":"3896","SourceUser":"NT AUTHORITY\\SYSTEM","UtcTime":"2026-08-22 13:52:09.041","TargetProcessGUID":"{711d5680-fe16-6a89-0c00-000000001200}","SourceProcessId":"2848","TargetProcessId":"636","RuleName":"technique_id=T1003,technique_name=Credential Dumping","SourceProcessGUID":"{711d5680-8da2-6a89-4300-000000001200}","CallTrace":"C:\\Windows\\SYSTEM32\\ntdll.dll+9f3b4|C:\\Windows\\SYSTEM32\\ntdll.dll+db730|C:\\Windows\\System32\\KERNEL32.DLL+1e134|C:\\Windows\\System32\\KERNEL32.DLL+2524e|C:\\Windows\\Sysmon64.exe+78e2c|C:\\Windows\\Sysmon64.exe+7a47e|C:\\Windows\\Sysmon64.exe+a1100|C:\\Windows\\Sysmon64.exe+7b20f|C:\\Windows\\Sysmon64.exe+80e5a|C:\\Windows\\Sysmon64.exe+831df|C:\\Windows\\Sysmon64.exe+8f9bf|C:\\Windows\\Sysmon64.exe+8fad5|C:\\Windows\\Sysmon64.exe+baf7a|C:\\Windows\\System32\\KERNEL32.DLL+14ed0|C:\\Windows\\SYSTEM32\\ntdll.dll+7e39b","TargetUser":"NT AUTHORITY\\SYSTEM","TargetImage":"C:\\Windows\\system32\\lsass.exe"},"EventID":10,"TimeCreated":"2026-08-22T13:52:09.042Z","Computer":"DC01.coficab.lab"}
{"EventData":{"Image":"C:\\Windows\\system32\\svchost.exe","ProcessGuid":"{711d5680-fe18-6a89-1700-000000001200}","QueryResults":"fe80::a4fd:bc1d:abe6:1779;::ffff:192.168.56.10;","QueryName":"DC01.coficab.lab","ProcessId":"1056","UtcTime":"2026-08-22 13:43:59.129","RuleName":"-","QueryStatus":"0","User":"NT AUTHORITY\\NETWORK SERVICE"},"EventID":22,"TimeCreated":"2026-08-22T13:52:08.781Z","Computer":"DC01.coficab.lab"}
{"EventData":{"Image":"C:\\Windows\\system32\\lsass.exe","ProcessGuid":"{711d5680-fe16-6a89-0c00-000000001200}","QueryResults":"192.168.56.10;","QueryName":"DC01","ProcessId":"636","UtcTime":"2026-08-22 13:43:59.129","RuleName":"-","QueryStatus":"0","User":"NT AUTHORITY\\SYSTEM"},"EventID":22,"TimeCreated":"2026-08-22T13:52:08.780Z","Computer":"DC01.coficab.lab"}
{"EventData":{"SourceImage":"C:\\Windows\\Sysmon64.exe","GrantedAccess":"0x1fffff","SourceThreadId":"3912","SourceUser":"NT AUTHORITY\\SYSTEM","UtcTime":"2026-08-22 13:52:08.775","TargetProcessGUID":"{711d5680-fe16-6a89-0c00-000000001200}","SourceProcessId":"2848","TargetProcessId":"636","RuleName":"technique_id=T1003,technique_name=Credential Dumping","SourceProcessGUID":"{711d5680-8da2-6a89-4300-000000001200}","CallTrace":"C:\\Windows\\SYSTEM32\\ntdll.dll+9f3b4|C:\\Windows\\SYSTEM32\\ntdll.dll+db730|C:\\Windows\\System32\\KERNEL32.DLL+1e134|C:\\Windows\\System32\\KERNEL32.DLL+2524e|C:\\Windows\\Sysmon64.exe+78e2c|C:\\Windows\\Sysmon64.exe+7a47e|C:\\Windows\\Sysmon64.exe+a1100|C:\\Windows\\Sysmon64.exe+a0f95|C:\\Windows\\Sysmon64.exe+7b20f|C:\\Windows\\Sysmon64.exe+8e128|C:\\Windows\\Sysmon64.exe+740e6|C:\\Windows\\Sysmon64.exe+74247|C:\\Windows\\System32\\sechost.dll+2d3a|C:\\Windows\\System32\\sechost.dll+2b63|C:\\Windows\\System32\\sechost.dll+17d1|C:\\Windows\\Sysmon64.exe+7443a|C:\\Windows\\Sysmon64.exe+baf7a|C:\\Windows\\System32\\KERNEL32.DLL+14ed0|C:\\Windows\\SYSTEM32\\ntdll.dll+7e39b","TargetUser":"NT AUTHORITY\\SYSTEM","TargetImage":"C:\\Windows\\system32\\lsass.exe"},"EventID":10,"TimeCreated":"2026-08-22T13:52:08.780Z","Computer":"DC01.coficab.lab"}
{"EventData":{"Image":"C:\\Windows\\system32\\svchost.exe","ProcessGuid":"{711d5680-fe18-6a89-1f00-000000001200}","QueryResults":"fe80::a4fd:bc1d:abe6:1779;::ffff:192.168.56.10;","QueryName":"DC01.coficab.lab","ProcessId":"1388","UtcTime":"2026-08-22 13:43:59.123","RuleName":"-","QueryStatus":"0","User":"NT AUTHORITY\\SYSTEM"},"EventID":22,"TimeCreated":"2026-08-22T13:52:08.779Z","Computer":"DC01.coficab.lab"}
{"EventData":{"Image":"C:\\Windows\\system32\\lsass.exe","ProcessGuid":"{711d5680-fe16-6a89-0c00-000000001200}","QueryResults":"192.168.56.10;","QueryName":"DC01","ProcessId":"636","UtcTime":"2026-08-22 13:43:59.123","RuleName":"-","QueryStatus":"0","User":"NT AUTHORITY\\SYSTEM"},"EventID":22,"TimeCreated":"2026-08-22T13:52:08.779Z","Computer":"DC01.coficab.lab"}
