{"EventData":{"SourceImage":"C:\\Windows\\Sysmon64.exe","GrantedAccess":"0x1fffff","SourceThreadId":"3912","SourceUser":"NT AUTHORITY\\SYSTEM","UtcTime":"2026-08-22 13:52:08.775","TargetProcessGUID":"{711d5680-fe16-6a89-0c00-000000001200}","SourceProcessId":"2848","TargetProcessId":"636","RuleName":"technique_id=T1003,technique_name=Credential Dumping","SourceProcessGUID":"{711d5680-8da2-6a89-4300-000000001200}","CallTrace":"C:\\Windows\\SYSTEM32\\ntdll.dll+9f3b4|C:\\Windows\\SYSTEM32\\ntdll.dll+db730|C:\\Windows\\System32\\KERNEL32.DLL+1e134|C:\\Windows\\System32\\KERNEL32.DLL+2524e|C:\\Windows\\Sysmon64.exe+78e2c|C:\\Windows\\Sysmon64.exe+7a47e|C:\\Windows\\Sysmon64.exe+a1100|C:\\Windows\\Sysmon64.exe+a0f95|C:\\Windows\\Sysmon64.exe+7b20f|C:\\Windows\\Sysmon64.exe+8e128|C:\\Windows\\Sysmon64.exe+740e6|C:\\Windows\\Sysmon64.exe+74247|C:\\Windows\\System32\\sechost.dll+2d3a|C:\\Windows\\System32\\sechost.dll+2b63|C:\\Windows\\System32\\sechost.dll+17d1|C:\\Windows\\Sysmon64.exe+7443a|C:\\Windows\\Sysmon64.exe+baf7a|C:\\Windows\\System32\\KERNEL32.DLL+14ed0|C:\\Windows\\SYSTEM32\\ntdll.dll+7e39b","TargetUser":"NT AUTHORITY\\SYSTEM","TargetImage":"C:\\Windows\\system32\\lsass.exe"},"EventID":10,"TimeCreated":"2026-08-22T13:52:08.778Z","Computer":"DC01.coficab.lab"}
{"EventData":{"Image":"C:\\Windows\\system32\\svchost.exe","ProcessGuid":"{711d5680-fe18-6a89-1f00-000000001200}","QueryResults":"fe80::a4fd:bc1d:abe6:1779;::ffff:192.168.56.10;","QueryName":"DC01.coficab.lab","ProcessId":"1388","UtcTime":"2026-08-22 13:43:59.117","RuleName":"-","QueryStatus":"0","User":"NT AUTHORITY\\SYSTEM"},"EventID":22,"TimeCreated":"2026-08-22T13:52:08.778Z","Computer":"DC01.coficab.lab"}
{"EventData":{"Image":"C:\\Windows\\system32\\svchost.exe","ProcessGuid":"{711d5680-fe18-6a89-1f00-000000001200}","QueryResults":"fe80::a4fd:bc1d:abe6:1779;::ffff:192.168.56.10;","QueryName":"DC01.coficab.lab","ProcessId":"1388","UtcTime":"2026-08-22 13:43:59.117","RuleName":"-","QueryStatus":"0","User":"NT AUTHORITY\\SYSTEM"},"EventID":22,"TimeCreated":"2026-08-22T13:52:08.777Z","Computer":"DC01.coficab.lab"}
{"EventData":{"Image":"C:\\Windows\\system32\\lsass.exe","ProcessGuid":"{711d5680-fe16-6a89-0c00-000000001200}","QueryResults":"192.168.56.10;","QueryName":"DC01","ProcessId":"636","UtcTime":"2026-08-22 13:43:59.116","RuleName":"-","QueryStatus":"0","User":"NT AUTHORITY\\SYSTEM"},"EventID":22,"TimeCreated":"2026-08-22T13:52:08.776Z","Computer":"DC01.coficab.lab"}
{"EventData":{"SourceImage":"C:\\Windows\\Sysmon64.exe","GrantedAccess":"0x1fffff","SourceThreadId":"3912","SourceUser":"NT AUTHORITY\\SYSTEM","UtcTime":"2026-08-22 13:52:08.775","TargetProcessGUID":"{711d5680-fe16-6a89-0c00-000000001200}","SourceProcessId":"2848","TargetProcessId":"636","RuleName":"technique_id=T1003,technique_name=Credential Dumping","SourceProcessGUID":"{711d5680-8da2-6a89-4300-000000001200}","CallTrace":"C:\\Windows\\SYSTEM32\\ntdll.dll+9f3b4|C:\\Windows\\SYSTEM32\\ntdll.dll+db730|C:\\Windows\\System32\\KERNEL32.DLL+1e134|C:\\Windows\\System32\\KERNEL32.DLL+2524e|C:\\Windows\\Sysmon64.exe+78e2c|C:\\Windows\\Sysmon64.exe+7a47e|C:\\Windows\\Sysmon64.exe+a1100|C:\\Windows\\Sysmon64.exe+a0f95|C:\\Windows\\Sysmon64.exe+7b20f|C:\\Windows\\Sysmon64.exe+8e128|C:\\Windows\\Sysmon64.exe+740e6|C:\\Windows\\Sysmon64.exe+74247|C:\\Windows\\System32\\sechost.dll+2d3a|C:\\Windows\\System32\\sechost.dll+2b63|C:\\Windows\\System32\\sechost.dll+17d1|C:\\Windows\\Sysmon64.exe+7443a|C:\\Windows\\Sysmon64.exe+baf7a|C:\\Windows\\System32\\KERNEL32.DLL+14ed0|C:\\Windows\\SYSTEM32\\ntdll.dll+7e39b","TargetUser":"NT AUTHORITY\\SYSTEM","TargetImage":"C:\\Windows\\system32\\lsass.exe"},"EventID":10,"TimeCreated":"2026-08-22T13:52:08.776Z","Computer":"DC01.coficab.lab"}
{"EventData":{"Image":"C:\\Windows\\System32\\svchost.exe","ProcessGuid":"{711d5680-fe18-6a89-1900-000000001200}","TargetFilename":"C:\\Windows\\ServiceState\\EventLog\\Data\\lastalive1.dat","ProcessId":"1136","UtcTime":"2026-08-22 13:52:06.884","RuleName":"technique_id=T1574.010,technique_name=Services File Permissions Weakness","CreationUtcTime":"2026-08-22 11:53:57.250","User":"NT AUTHORITY\\LOCAL SERVICE"},"EventID":11,"TimeCreated":"2026-08-22T13:52:06.886Z","Computer":"DC01.coficab.lab"}
{"EventData":{"Image":"C:\\Windows\\system32\\lsass.exe","ProcessGuid":"{711d5680-fe16-6a89-0c00-000000001200}","QueryResults":"192.168.56.10;","QueryName":"DC01","ProcessId":"636","UtcTime":"2026-08-22 13:43:39.070","RuleName":"-","QueryStatus":"0","User":"NT AUTHORITY\\SYSTEM"},"EventID":22,"TimeCreated":"2026-08-22T13:51:49.733Z","Computer":"DC01.coficab.lab"}
{"EventData":{"SourceImage":"C:\\Windows\\Sysmon64.exe","GrantedAccess":"0x1fffff","SourceThreadId":"3912","SourceUser":"NT AUTHORITY\\SYSTEM","UtcTime":"2026-08-22 13:51:49.731","TargetProcessGUID":"{711d5680-fe16-6a89-0c00-000000001200}","SourceProcessId":"2848","TargetProcessId":"636","RuleName":"technique_id=T1003,technique_name=Credential Dumping","SourceProcessGUID":"{711d5680-8da2-6a89-4300-000000001200}","CallTrace":"C:\\Windows\\SYSTEM32\\ntdll.dll+9f3b4|C:\\Windows\\SYSTEM32\\ntdll.dll+db730|C:\\Windows\\System32\\KERNEL32.DLL+1e134|C:\\Windows\\System32\\KERNEL32.DLL+2524e|C:\\Windows\\Sysmon64.exe+78e2c|C:\\Windows\\Sysmon64.exe+7a47e|C:\\Windows\\Sysmon64.exe+a1100|C:\\Windows\\Sysmon64.exe+a0f95|C:\\Windows\\Sysmon64.exe+7b20f|C:\\Windows\\Sysmon64.exe+8e128|C:\\Windows\\Sysmon64.exe+740e6|C:\\Windows\\Sysmon64.exe+74247|C:\\Windows\\System32\\sechost.dll+2d3a|C:\\Windows\\System32\\sechost.dll+2b63|C:\\Windows\\System32\\sechost.dll+17d1|C:\\Windows\\Sysmon64.exe+7443a|C:\\Windows\\Sysmon64.exe+baf7a|C:\\Windows\\System32\\KERNEL32.DLL+14ed0|C:\\Windows\\SYSTEM32\\ntdll.dll+7e39b","TargetUser":"NT AUTHORITY\\SYSTEM","TargetImage":"C:\\Windows\\system32\\lsass.exe"},"EventID":10,"TimeCreated":"2026-08-22T13:51:49.733Z","Computer":"DC01.coficab.lab"}
{"EventData":{"Image":"C:\\Windows\\system32\\lsass.exe","ProcessGuid":"{711d5680-fe16-6a89-0c00-000000001200}","QueryResults":"192.168.56.10;","QueryName":"DC01","ProcessId":"636","UtcTime":"2026-08-22 13:43:38.073","RuleName":"-","QueryStatus":"0","User":"NT AUTHORITY\\SYSTEM"},"EventID":22,"TimeCreated":"2026-08-22T13:51:49.733Z","Computer":"DC01.coficab.lab"}
{"EventData":{"SourceImage":"C:\\Windows\\Sysmon64.exe","GrantedAccess":"0x1fffff","SourceThreadId":"3912","SourceUser":"NT AUTHORITY\\SYSTEM","UtcTime":"2026-08-22 13:51:49.731","TargetProcessGUID":"{711d5680-fe16-6a89-0c00-000000001200}","SourceProcessId":"2848","TargetProcessId":"636","RuleName":"technique_id=T1003,technique_name=Credential Dumping","SourceProcessGUID":"{711d5680-8da2-6a89-4300-000000001200}","CallTrace":"C:\\Windows\\SYSTEM32\\ntdll.dll+9f3b4|C:\\Windows\\SYSTEM32\\ntdll.dll+db730|C:\\Windows\\System32\\KERNEL32.DLL+1e134|C:\\Windows\\System32\\KERNEL32.DLL+2524e|C:\\Windows\\Sysmon64.exe+78e2c|C:\\Windows\\Sysmon64.exe+7a47e|C:\\Windows\\Sysmon64.exe+a1100|C:\\Windows\\Sysmon64.exe+a0f95|C:\\Windows\\Sysmon64.exe+7b20f|C:\\Windows\\Sysmon64.exe+8e128|C:\\Windows\\Sysmon64.exe+740e6|C:\\Windows\\Sysmon64.exe+74247|C:\\Windows\\System32\\sechost.dll+2d3a|C:\\Windows\\System32\\sechost.dll+2b63|C:\\Windows\\System32\\sechost.dll+17d1|C:\\Windows\\Sysmon64.exe+7443a|C:\\Windows\\Sysmon64.exe+baf7a|C:\\Windows\\System32\\KERNEL32.DLL+14ed0|C:\\Windows\\SYSTEM32\\ntdll.dll+7e39b","TargetUser":"NT AUTHORITY\\SYSTEM","TargetImage":"C:\\Windows\\system32\\lsass.exe"},"EventID":10,"TimeCreated":"2026-08-22T13:51:49.732Z","Computer":"DC01.coficab.lab"}
{"EventData":{"Image":"C:\\Windows\\system32\\lsass.exe","ProcessGuid":"{711d5680-fe16-6a89-0c00-000000001200}","QueryResults":"192.168.56.10;","QueryName":"DC01","ProcessId":"636","UtcTime":"2026-08-22 13:43:38.068","RuleName":"-","QueryStatus":"0","User":"NT AUTHORITY\\SYSTEM"},"EventID":22,"TimeCreated":"2026-08-22T13:51:49.732Z","Computer":"DC01.coficab.lab"}
{"EventData":{"SourceImage":"C:\\Windows\\Sysmon64.exe","GrantedAccess":"0x1fffff","SourceThreadId":"3912","SourceUser":"NT AUTHORITY\\SYSTEM","UtcTime":"2026-08-22 13:51:49.731","TargetProcessGUID":"{711d5680-fe16-6a89-0c00-000000001200}","SourceProcessId":"2848","TargetProcessId":"636","RuleName":"technique_id=T1003,technique_name=Credential Dumping","SourceProcessGUID":"{711d5680-8da2-6a89-4300-000000001200}","CallTrace":"C:\\Windows\\SYSTEM32\\ntdll.dll+9f3b4|C:\\Windows\\SYSTEM32\\ntdll.dll+db730|C:\\Windows\\System32\\KERNEL32.DLL+1e134|C:\\Windows\\System32\\KERNEL32.DLL+2524e|C:\\Windows\\Sysmon64.exe+78e2c|C:\\Windows\\Sysmon64.exe+7a47e|C:\\Windows\\Sysmon64.exe+a1100|C:\\Windows\\Sysmon64.exe+a0f95|C:\\Windows\\Sysmon64.exe+7b20f|C:\\Windows\\Sysmon64.exe+8e128|C:\\Windows\\Sysmon64.exe+740e6|C:\\Windows\\Sysmon64.exe+74247|C:\\Windows\\System32\\sechost.dll+2d3a|C:\\Windows\\System32\\sechost.dll+2b63|C:\\Windows\\System32\\sechost.dll+17d1|C:\\Windows\\Sysmon64.exe+7443a|C:\\Windows\\Sysmon64.exe+baf7a|C:\\Windows\\System32\\KERNEL32.DLL+14ed0|C:\\Windows\\SYSTEM32\\ntdll.dll+7e39b","TargetUser":"NT AUTHORITY\\SYSTEM","TargetImage":"C:\\Windows\\system32\\lsass.exe"},"EventID":10,"TimeCreated":"2026-08-22T13:51:49.732Z","Computer":"DC01.coficab.lab"}
{"EventData":{"SourceImage":"C:\\Windows\\Sysmon64.exe","GrantedAccess":"0x1fffff","SourceThreadId":"3896","SourceUser":"NT AUTHORITY\\SYSTEM","UtcTime":"2026-08-22 13:51:47.760","TargetProcessGUID":"{711d5680-fe16-6a89-0c00-000000001200}","SourceProcessId":"2848","TargetProcessId":"636","RuleName":"technique_id=T1003,technique_name=Credential Dumping","SourceProcessGUID":"{711d5680-8da2-6a89-4300-000000001200}","CallTrace":"C:\\Windows\\SYSTEM32\\ntdll.dll+9f3b4|C:\\Windows\\SYSTEM32\\ntdll.dll+db730|C:\\Windows\\System32\\KERNEL32.DLL+1e134|C:\\Windows\\System32\\KERNEL32.DLL+2524e|C:\\Windows\\Sysmon64.exe+78e2c|C:\\Windows\\Sysmon64.exe+7a47e|C:\\Windows\\Sysmon64.exe+a1100|C:\\Windows\\Sysmon64.exe+7b20f|C:\\Windows\\Sysmon64.exe+80e5a|C:\\Windows\\Sysmon64.exe+831df|C:\\Windows\\Sysmon64.exe+8f9bf|C:\\Windows\\Sysmon64.exe+8fad5|C:\\Windows\\Sysmon64.exe+baf7a|C:\\Windows\\System32\\KERNEL32.DLL+14ed0|C:\\Windows\\SYSTEM32\\ntdll.dll+7e39b","TargetUser":"NT AUTHORITY\\SYSTEM","TargetImage":"C:\\Windows\\system32\\lsass.exe"},"EventID":10,"TimeCreated":"2026-08-22T13:51:47.761Z","Computer":"DC01.coficab.lab"}
{"EventData":{"SourceImage":"C:\\Windows\\Sysmon64.exe","GrantedAccess":"0x1fffff","SourceThreadId":"3896","SourceUser":"NT AUTHORITY\\SYSTEM","UtcTime":"2026-08-22 13:51:47.760","TargetProcessGUID":"{711d5680-fe16-6a89-0c00-000000001200}","SourceProcessId":"2848","TargetProcessId":"636","RuleName":"technique_id=T1003,technique_name=Credential Dumping","SourceProcessGUID":"{711d5680-8da2-6a89-4300-000000001200}","CallTrace":"C:\\Windows\\SYSTEM32\\ntdll.dll+9f3b4|C:\\Windows\\SYSTEM32\\ntdll.dll+db730|C:\\Windows\\System32\\KERNEL32.DLL+1e134|C:\\Windows\\System32\\KERNEL32.DLL+2524e|C:\\Windows\\Sysmon64.exe+78e2c|C:\\Windows\\Sysmon64.exe+7a47e|C:\\Windows\\Sysmon64.exe+a1100|C:\\Windows\\Sysmon64.exe+7b20f|C:\\Windows\\Sysmon64.exe+80e5a|C:\\Windows\\Sysmon64.exe+831df|C:\\Windows\\Sysmon64.exe+8f9bf|C:\\Windows\\Sysmon64.exe+8fad5|C:\\Windows\\Sysmon64.exe+baf7a|C:\\Windows\\System32\\KERNEL32.DLL+14ed0|C:\\Windows\\SYSTEM32\\ntdll.dll+7e39b","TargetUser":"NT AUTHORITY\\SYSTEM","TargetImage":"C:\\Windows\\system32\\lsass.exe"},"EventID":10,"TimeCreated":"2026-08-22T13:51:47.761Z","Computer":"DC01.coficab.lab"}
{"EventData":{"Image":"C:\\Windows\\system32\\lsass.exe","ProcessGuid":"{711d5680-fe16-6a89-0c00-000000001200}","QueryResults":"192.168.56.10;","QueryName":"DC01","ProcessId":"636","UtcTime":"2026-08-22 13:43:38.053","RuleName":"-","QueryStatus":"0","User":"NT AUTHORITY\\SYSTEM"},"EventID":22,"TimeCreated":"2026-08-22T13:51:47.683Z","Computer":"DC01.coficab.lab"}
{"EventData":{"SourceImage":"C:\\Windows\\Sysmon64.exe","GrantedAccess":"0x1fffff","SourceThreadId":"3912","SourceUser":"NT AUTHORITY\\SYSTEM","UtcTime":"2026-08-22 13:51:47.682","TargetProcessGUID":"{711d5680-fe16-6a89-0c00-000000001200}","SourceProcessId":"2848","TargetProcessId":"636","RuleName":"technique_id=T1003,technique_name=Credential Dumping","SourceProcessGUID":"{711d5680-8da2-6a89-4300-000000001200}","CallTrace":"C:\\Windows\\SYSTEM32\\ntdll.dll+9f3b4|C:\\Windows\\SYSTEM32\\ntdll.dll+db730|C:\\Windows\\System32\\KERNEL32.DLL+1e134|C:\\Windows\\System32\\KERNEL32.DLL+2524e|C:\\Windows\\Sysmon64.exe+78e2c|C:\\Windows\\Sysmon64.exe+7a47e|C:\\Windows\\Sysmon64.exe+a1100|C:\\Windows\\Sysmon64.exe+a0f95|C:\\Windows\\Sysmon64.exe+7b20f|C:\\Windows\\Sysmon64.exe+8e128|C:\\Windows\\Sysmon64.exe+740e6|C:\\Windows\\Sysmon64.exe+74247|C:\\Windows\\System32\\sechost.dll+2d3a|C:\\Windows\\System32\\sechost.dll+2b63|C:\\Windows\\System32\\sechost.dll+17d1|C:\\Windows\\Sysmon64.exe+7443a|C:\\Windows\\Sysmon64.exe+baf7a|C:\\Windows\\System32\\KERNEL32.DLL+14ed0|C:\\Windows\\SYSTEM32\\ntdll.dll+7e39b","TargetUser":"NT AUTHORITY\\SYSTEM","TargetImage":"C:\\Windows\\system32\\lsass.exe"},"EventID":10,"TimeCreated":"2026-08-22T13:51:47.683Z","Computer":"DC01.coficab.lab"}
{"EventData":{"Image":"C:\\Windows\\system32\\DFSRs.exe","ProcessGuid":"{711d5680-8da2-6a89-3d00-000000001200}","Details":"\\\\.\\C:\\System Volume Information\\DFSR\\Config\\Volume_C656DFDE-0000-0000-0000-500600000000.XML","TargetObject":"HKLM\\System\\CurrentControlSet\\Services\\DFSR\\Parameters\\Volumes\\C656DFDE-0000-0000-0000-500600000000\\Volume Configuration File","ProcessId":"2672","UtcTime":"2026-08-22 13:51:46.681","RuleName":"-","EventType":"SetValue","User":"NT AUTHORITY\\SYSTEM"},"EventID":13,"TimeCreated":"2026-08-22T13:51:46.694Z","Computer":"DC01.coficab.lab"}
{"EventData":{"Image":"C:\\Windows\\system32\\DFSRs.exe","ProcessGuid":"{711d5680-8da2-6a89-3d00-000000001200}","Details":"DWORD (0x00000001)","TargetObject":"HKLM\\System\\CurrentControlSet\\Services\\DFSR\\Parameters\\Replication Groups\\36E9036B-C4EB-4FB9-B9C2-2819F17B304C\\Config Source","ProcessId":"2672","UtcTime":"2026-08-22 13:51:46.681","RuleName":"-","EventType":"SetValue","User":"NT AUTHORITY\\SYSTEM"},"EventID":13,"TimeCreated":"2026-08-22T13:51:46.692Z","Computer":"DC01.coficab.lab"}
{"EventData":{"Image":"C:\\Windows\\system32\\DFSRs.exe","ProcessGuid":"{711d5680-8da2-6a89-3d00-000000001200}","Details":"\\\\?\\C:\\System Volume Information\\DFSR\\Config\\Replica_36E9036B-C4EB-4FB9-B9C2-2819F17B304C.XML","TargetObject":"HKLM\\System\\CurrentControlSet\\Services\\DFSR\\Parameters\\Replication Groups\\36E9036B-C4EB-4FB9-B9C2-2819F17B304C\\Replica Set Configuration File","ProcessId":"2672","UtcTime":"2026-08-22 13:51:46.681","RuleName":"-","EventType":"SetValue","User":"NT AUTHORITY\\SYSTEM"},"EventID":13,"TimeCreated":"2026-08-22T13:51:46.692Z","Computer":"DC01.coficab.lab"}{"EventData":{"SourceImage":"C:\\Windows\\Sysmon64.exe","GrantedAccess":"0x1fffff","SourceThreadId":"3896","SourceUser":"NT AUTHORITY\\SYSTEM","UtcTime":"2026-08-22 13:51:33.182","TargetProcessGUID":"{711d5680-fe16-6a89-0c00-000000001200}","SourceProcessId":"2848","TargetProcessId":"636","RuleName":"technique_id=T1003,technique_name=Credential Dumping","SourceProcessGUID":"{711d5680-8da2-6a89-4300-000000001200}","CallTrace":"C:\\Windows\\SYSTEM32\\ntdll.dll+9f3b4|C:\\Windows\\SYSTEM32\\ntdll.dll+db730|C:\\Windows\\System32\\KERNEL32.DLL+1e134|C:\\Windows\\System32\\KERNEL32.DLL+2524e|C:\\Windows\\Sysmon64.exe+78e2c|C:\\Windows\\Sysmon64.exe+7a47e|C:\\Windows\\Sysmon64.exe+a1100|C:\\Windows\\Sysmon64.exe+7b20f|C:\\Windows\\Sysmon64.exe+80e5a|C:\\Windows\\Sysmon64.exe+831df|C:\\Windows\\Sysmon64.exe+8f9bf|C:\\Windows\\Sysmon64.exe+8fad5|C:\\Windows\\Sysmon64.exe+baf7a|C:\\Windows\\System32\\KERNEL32.DLL+14ed0|C:\\Windows\\SYSTEM32\\ntdll.dll+7e39b","TargetUser":"NT AUTHORITY\\SYSTEM","TargetImage":"C:\\Windows\\system32\\lsass.exe"},"EventID":10,"TimeCreated":"2026-08-22T13:51:33.182Z","Computer":"DC01.coficab.lab"}
{"EventData":{"SourceImage":"C:\\Windows\\Sysmon64.exe","GrantedAccess":"0x1fffff","SourceThreadId":"3896","SourceUser":"NT AUTHORITY\\SYSTEM","UtcTime":"2026-08-22 13:51:14.635","TargetProcessGUID":"{711d5680-fe16-6a89-0c00-000000001200}","SourceProcessId":"2848","TargetProcessId":"636","RuleName":"technique_id=T1003,technique_name=Credential Dumping","SourceProcessGUID":"{711d5680-8da2-6a89-4300-000000001200}","CallTrace":"C:\\Windows\\SYSTEM32\\ntdll.dll+9f3b4|C:\\Windows\\SYSTEM32\\ntdll.dll+db730|C:\\Windows\\System32\\KERNEL32.DLL+1e134|C:\\Windows\\System32\\KERNEL32.DLL+2524e|C:\\Windows\\Sysmon64.exe+78e2c|C:\\Windows\\Sysmon64.exe+7a47e|C:\\Windows\\Sysmon64.exe+a1100|C:\\Windows\\Sysmon64.exe+7b20f|C:\\Windows\\Sysmon64.exe+80e5a|C:\\Windows\\Sysmon64.exe+831df|C:\\Windows\\Sysmon64.exe+8f9bf|C:\\Windows\\Sysmon64.exe+8fad5|C:\\Windows\\Sysmon64.exe+baf7a|C:\\Windows\\System32\\KERNEL32.DLL+14ed0|C:\\Windows\\SYSTEM32\\ntdll.dll+7e39b","TargetUser":"NT AUTHORITY\\SYSTEM","TargetImage":"C:\\Windows\\system32\\lsass.exe"},"EventID":10,"TimeCreated":"2026-08-22T13:51:14.638Z","Computer":"DC01.coficab.lab"}
{"EventData":{"SourceImage":"C:\\Windows\\Sysmon64.exe","GrantedAccess":"0x1fffff","SourceThreadId":"3896","SourceUser":"NT AUTHORITY\\SYSTEM","UtcTime":"2026-08-22 13:51:14.635","TargetProcessGUID":"{711d5680-fe16-6a89-0c00-000000001200}","SourceProcessId":"2848","TargetProcessId":"636","RuleName":"technique_id=T1003,technique_name=Credential Dumping","SourceProcessGUID":"{711d5680-8da2-6a89-4300-000000001200}","CallTrace":"C:\\Windows\\SYSTEM32\\ntdll.dll+9f3b4|C:\\Windows\\SYSTEM32\\ntdll.dll+db730|C:\\Windows\\System32\\KERNEL32.DLL+1e134|C:\\Windows\\System32\\KERNEL32.DLL+2524e|C:\\Windows\\Sysmon64.exe+78e2c|C:\\Windows\\Sysmon64.exe+7a47e|C:\\Windows\\Sysmon64.exe+a1100|C:\\Windows\\Sysmon64.exe+7b20f|C:\\Windows\\Sysmon64.exe+80e5a|C:\\Windows\\Sysmon64.exe+831df|C:\\Windows\\Sysmon64.exe+8f9bf|C:\\Windows\\Sysmon64.exe+8fad5|C:\\Windows\\Sysmon64.exe+baf7a|C:\\Windows\\System32\\KERNEL32.DLL+14ed0|C:\\Windows\\SYSTEM32\\ntdll.dll+7e39b","TargetUser":"NT AUTHORITY\\SYSTEM","TargetImage":"C:\\Windows\\system32\\lsass.exe"},"EventID":10,"TimeCreated":"2026-08-22T13:51:14.637Z","Computer":"DC01.coficab.lab"}
{"EventData":{"SourceImage":"C:\\Windows\\Sysmon64.exe","GrantedAccess":"0x1fffff","SourceThreadId":"3896","SourceUser":"NT AUTHORITY\\SYSTEM","UtcTime":"2026-08-22 13:51:14.635","TargetProcessGUID":"{711d5680-fe16-6a89-0c00-000000001200}","SourceProcessId":"2848","TargetProcessId":"636","RuleName":"technique_id=T1003,technique_name=Credential Dumping","SourceProcessGUID":"{711d5680-8da2-6a89-4300-000000001200}","CallTrace":"C:\\Windows\\SYSTEM32\\ntdll.dll+9f3b4|C:\\Windows\\SYSTEM32\\ntdll.dll+db730|C:\\Windows\\System32\\KERNEL32.DLL+1e134|C:\\Windows\\System32\\KERNEL32.DLL+2524e|C:\\Windows\\Sysmon64.exe+78e2c|C:\\Windows\\Sysmon64.exe+7a47e|C:\\Windows\\Sysmon64.exe+a1100|C:\\Windows\\Sysmon64.exe+7b20f|C:\\Windows\\Sysmon64.exe+80e5a|C:\\Windows\\Sysmon64.exe+831df|C:\\Windows\\Sysmon64.exe+8f9bf|C:\\Windows\\Sysmon64.exe+8fad5|C:\\Windows\\Sysmon64.exe+baf7a|C:\\Windows\\System32\\KERNEL32.DLL+14ed0|C:\\Windows\\SYSTEM32\\ntdll.dll+7e39b","TargetUser":"NT AUTHORITY\\SYSTEM","TargetImage":"C:\\Windows\\system32\\lsass.exe"},"EventID":10,"TimeCreated":"2026-08-22T13:51:14.637Z","Computer":"DC01.coficab.lab"}
{"EventData":{"SourceImage":"C:\\Windows\\Sysmon64.exe","GrantedAccess":"0x1fffff","SourceThreadId":"3896","SourceUser":"NT AUTHORITY\\SYSTEM","UtcTime":"2026-08-22 13:51:14.635","TargetProcessGUID":"{711d5680-fe16-6a89-0c00-000000001200}","SourceProcessId":"2848","TargetProcessId":"636","RuleName":"technique_id=T1003,technique_name=Credential Dumping","SourceProcessGUID":"{711d5680-8da2-6a89-4300-000000001200}","CallTrace":"C:\\Windows\\SYSTEM32\\ntdll.dll+9f3b4|C:\\Windows\\SYSTEM32\\ntdll.dll+db730|C:\\Windows\\System32\\KERNEL32.DLL+1e134|C:\\Windows\\System32\\KERNEL32.DLL+2524e|C:\\Windows\\Sysmon64.exe+78e2c|C:\\Windows\\Sysmon64.exe+7a47e|C:\\Windows\\Sysmon64.exe+a1100|C:\\Windows\\Sysmon64.exe+7b20f|C:\\Windows\\Sysmon64.exe+80e5a|C:\\Windows\\Sysmon64.exe+831df|C:\\Windows\\Sysmon64.exe+8f9bf|C:\\Windows\\Sysmon64.exe+8fad5|C:\\Windows\\Sysmon64.exe+baf7a|C:\\Windows\\System32\\KERNEL32.DLL+14ed0|C:\\Windows\\SYSTEM32\\ntdll.dll+7e39b","TargetUser":"NT AUTHORITY\\SYSTEM","TargetImage":"C:\\Windows\\system32\\lsass.exe"},"EventID":10,"TimeCreated":"2026-08-22T13:51:14.636Z","Computer":"DC01.coficab.lab"}
{"EventData":{"SourceImage":"C:\\Windows\\Sysmon64.exe","GrantedAccess":"0x1fffff","SourceThreadId":"3896","SourceUser":"NT AUTHORITY\\SYSTEM","UtcTime":"2026-08-22 13:51:14.635","TargetProcessGUID":"{711d5680-fe16-6a89-0c00-000000001200}","SourceProcessId":"2848","TargetProcessId":"636","RuleName":"technique_id=T1003,technique_name=Credential Dumping","SourceProcessGUID":"{711d5680-8da2-6a89-4300-000000001200}","CallTrace":"C:\\Windows\\SYSTEM32\\ntdll.dll+9f3b4|C:\\Windows\\SYSTEM32\\ntdll.dll+db730|C:\\Windows\\System32\\KERNEL32.DLL+1e134|C:\\Windows\\System32\\KERNEL32.DLL+2524e|C:\\Windows\\Sysmon64.exe+78e2c|C:\\Windows\\Sysmon64.exe+7a47e|C:\\Windows\\Sysmon64.exe+a1100|C:\\Windows\\Sysmon64.exe+7b20f|C:\\Windows\\Sysmon64.exe+80e5a|C:\\Windows\\Sysmon64.exe+831df|C:\\Windows\\Sysmon64.exe+8f9bf|C:\\Windows\\Sysmon64.exe+8fad5|C:\\Windows\\Sysmon64.exe+baf7a|C:\\Windows\\System32\\KERNEL32.DLL+14ed0|C:\\Windows\\SYSTEM32\\ntdll.dll+7e39b","TargetUser":"NT AUTHORITY\\SYSTEM","TargetImage":"C:\\Windows\\system32\\lsass.exe"},"EventID":10,"TimeCreated":"2026-08-22T13:51:14.635Z","Computer":"DC01.coficab.lab"}
{"EventData":{"Image":"C:\\Windows\\system32\\svchost.exe","ProcessGuid":"{711d5680-fe18-6a89-1700-000000001200}","QueryResults":"fe80::a4fd:bc1d:abe6:1779;::ffff:192.168.56.10;","QueryName":"DC01.coficab.lab","ProcessId":"1056","UtcTime":"2026-08-22 13:42:57.775","RuleName":"-","QueryStatus":"0","User":"NT AUTHORITY\\NETWORK SERVICE"},"EventID":22,"TimeCreated":"2026-08-22T13:51:07.777Z","Computer":"DC01.coficab.lab"}
{"EventData":{"Image":"C:\\Windows\\system32\\lsass.exe","ProcessGuid":"{711d5680-fe16-6a89-0c00-000000001200}","QueryResults":"192.168.56.10;","QueryName":"DC01","ProcessId":"636","UtcTime":"2026-08-22 13:42:57.775","RuleName":"-","QueryStatus":"0","User":"NT AUTHORITY\\SYSTEM"},"EventID":22,"TimeCreated":"2026-08-22T13:51:07.776Z","Computer":"DC01.coficab.lab"}
{"EventData":{"SourceImage":"C:\\Windows\\Sysmon64.exe","GrantedAccess":"0x1fffff","SourceThreadId":"3912","SourceUser":"NT AUTHORITY\\SYSTEM","UtcTime":"2026-08-22 13:51:07.775","TargetProcessGUID":"{711d5680-fe16-6a89-0c00-000000001200}","SourceProcessId":"2848","TargetProcessId":"636","RuleName":"technique_id=T1003,technique_name=Credential Dumping","SourceProcessGUID":"{711d5680-8da2-6a89-4300-000000001200}","CallTrace":"C:\\Windows\\SYSTEM32\\ntdll.dll+9f3b4|C:\\Windows\\SYSTEM32\\ntdll.dll+db730|C:\\Windows\\System32\\KERNEL32.DLL+1e134|C:\\Windows\\System32\\KERNEL32.DLL+2524e|C:\\Windows\\Sysmon64.exe+78e2c|C:\\Windows\\Sysmon64.exe+7a47e|C:\\Windows\\Sysmon64.exe+a1100|C:\\Windows\\Sysmon64.exe+a0f95|C:\\Windows\\Sysmon64.exe+7b20f|C:\\Windows\\Sysmon64.exe+8e128|C:\\Windows\\Sysmon64.exe+740e6|C:\\Windows\\Sysmon64.exe+74247|C:\\Windows\\System32\\sechost.dll+2d3a|C:\\Windows\\System32\\sechost.dll+2b63|C:\\Windows\\System32\\sechost.dll+17d1|C:\\Windows\\Sysmon64.exe+7443a|C:\\Windows\\Sysmon64.exe+baf7a|C:\\Windows\\System32\\KERNEL32.DLL+14ed0|C:\\Windows\\SYSTEM32\\ntdll.dll+7e39b","TargetUser":"NT AUTHORITY\\SYSTEM","TargetImage":"C:\\Windows\\system32\\lsass.exe"},"EventID":10,"TimeCreated":"2026-08-22T13:51:07.776Z","Computer":"DC01.coficab.lab"}
{"EventData":{"Image":"C:\\Windows\\System32\\svchost.exe","ProcessGuid":"{711d5680-fe18-6a89-1900-000000001200}","TargetFilename":"C:\\Windows\\ServiceState\\EventLog\\Data\\lastalive0.dat","ProcessId":"1136","UtcTime":"2026-08-22 13:51:06.869","RuleName":"technique_id=T1574.010,technique_name=Services File Permissions Weakness","CreationUtcTime":"2026-08-16 22:00:10.037","User":"NT AUTHORITY\\LOCAL SERVICE"},"EventID":11,"TimeCreated":"2026-08-22T13:51:06.871Z","Computer":"DC01.coficab.lab"}
{"EventData":{"Image":"C:\\Windows\\system32\\svchost.exe","ProcessGuid":"{711d5680-fe18-6a89-1700-000000001200}","QueryResults":"fe80::a4fd:bc1d:abe6:1779;::ffff:192.168.56.10;","QueryName":"DC01","ProcessId":"1056","UtcTime":"2026-08-22 13:42:55.897","RuleName":"-","QueryStatus":"0","User":"NT AUTHORITY\\NETWORK SERVICE"},"EventID":22,"TimeCreated":"2026-08-22T13:51:06.542Z","Computer":"DC01.coficab.lab"}
{"EventData":{"SourceImage":"C:\\Windows\\Sysmon64.exe","GrantedAccess":"0x1fffff","SourceThreadId":"3896","SourceUser":"NT AUTHORITY\\SYSTEM","UtcTime":"2026-08-22 13:51:05.353","TargetProcessGUID":"{711d5680-fe16-6a89-0c00-000000001200}","SourceProcessId":"2848","TargetProcessId":"636","RuleName":"technique_id=T1003,technique_name=Credential Dumping","SourceProcessGUID":"{711d5680-8da2-6a89-4300-000000001200}","CallTrace":"C:\\Windows\\SYSTEM32\\ntdll.dll+9f3b4|C:\\Windows\\SYSTEM32\\ntdll.dll+db730|C:\\Windows\\System32\\KERNEL32.DLL+1e134|C:\\Windows\\System32\\KERNEL32.DLL+2524e|C:\\Windows\\Sysmon64.exe+78e2c|C:\\Windows\\Sysmon64.exe+7a47e|C:\\Windows\\Sysmon64.exe+a1100|C:\\Windows\\Sysmon64.exe+7b20f|C:\\Windows\\Sysmon64.exe+80e5a|C:\\Windows\\Sysmon64.exe+831df|C:\\Windows\\Sysmon64.exe+8f9bf|C:\\Windows\\Sysmon64.exe+8fad5|C:\\Windows\\Sysmon64.exe+baf7a|C:\\Windows\\System32\\KERNEL32.DLL+14ed0|C:\\Windows\\SYSTEM32\\ntdll.dll+7e39b","TargetUser":"NT AUTHORITY\\SYSTEM","TargetImage":"C:\\Windows\\system32\\lsass.exe"},"EventID":10,"TimeCreated":"2026-08-22T13:51:05.354Z","Computer":"DC01.coficab.lab"}
{"EventData":{"SourceImage":"C:\\Windows\\Sysmon64.exe","GrantedAccess":"0x1fffff","SourceThreadId":"3896","SourceUser":"NT AUTHORITY\\SYSTEM","UtcTime":"2026-08-22 13:51:05.088","TargetProcessGUID":"{711d5680-fe16-6a89-0c00-000000001200}","SourceProcessId":"2848","TargetProcessId":"636","RuleName":"technique_id=T1003,technique_name=Credential Dumping","SourceProcessGUID":"{711d5680-8da2-6a89-4300-000000001200}","CallTrace":"C:\\Windows\\SYSTEM32\\ntdll.dll+9f3b4|C:\\Windows\\SYSTEM32\\ntdll.dll+db730|C:\\Windows\\System32\\KERNEL32.DLL+1e134|C:\\Windows\\System32\\KERNEL32.DLL+2524e|C:\\Windows\\Sysmon64.exe+78e2c|C:\\Windows\\Sysmon64.exe+7a47e|C:\\Windows\\Sysmon64.exe+a1100|C:\\Windows\\Sysmon64.exe+7b20f|C:\\Windows\\Sysmon64.exe+80e5a|C:\\Windows\\Sysmon64.exe+831df|C:\\Windows\\Sysmon64.exe+8f9bf|C:\\Windows\\Sysmon64.exe+8fad5|C:\\Windows\\Sysmon64.exe+baf7a|C:\\Windows\\System32\\KERNEL32.DLL+14ed0|C:\\Windows\\SYSTEM32\\ntdll.dll+7e39b","TargetUser":"NT AUTHORITY\\SYSTEM","TargetImage":"C:\\Windows\\system32\\lsass.exe"},"EventID":10,"TimeCreated":"2026-08-22T13:51:05.093Z","Computer":"DC01.coficab.lab"}
{"EventData":{"SourceImage":"C:\\Windows\\Sysmon64.exe","GrantedAccess":"0x1fffff","SourceThreadId":"3896","SourceUser":"NT AUTHORITY\\SYSTEM","UtcTime":"2026-08-22 13:51:05.088","TargetProcessGUID":"{711d5680-fe16-6a89-0c00-000000001200}","SourceProcessId":"2848","TargetProcessId":"636","RuleName":"technique_id=T1003,technique_name=Credential Dumping","SourceProcessGUID":"{711d5680-8da2-6a89-4300-000000001200}","CallTrace":"C:\\Windows\\SYSTEM32\\ntdll.dll+9f3b4|C:\\Windows\\SYSTEM32\\ntdll.dll+db730|C:\\Windows\\System32\\KERNEL32.DLL+1e134|C:\\Windows\\System32\\KERNEL32.DLL+2524e|C:\\Windows\\Sysmon64.exe+78e2c|C:\\Windows\\Sysmon64.exe+7a47e|C:\\Windows\\Sysmon64.exe+a1100|C:\\Windows\\Sysmon64.exe+7b20f|C:\\Windows\\Sysmon64.exe+80e5a|C:\\Windows\\Sysmon64.exe+831df|C:\\Windows\\Sysmon64.exe+8f9bf|C:\\Windows\\Sysmon64.exe+8fad5|C:\\Windows\\Sysmon64.exe+baf7a|C:\\Windows\\System32\\KERNEL32.DLL+14ed0|C:\\Windows\\SYSTEM32\\ntdll.dll+7e39b","TargetUser":"NT AUTHORITY\\SYSTEM","TargetImage":"C:\\Windows\\system32\\lsass.exe"},"EventID":10,"TimeCreated":"2026-08-22T13:51:05.092Z","Computer":"DC01.coficab.lab"}
{"EventData":{"SourceImage":"C:\\Windows\\Sysmon64.exe","GrantedAccess":"0x1fffff","SourceThreadId":"3896","SourceUser":"NT AUTHORITY\\SYSTEM","UtcTime":"2026-08-22 13:51:05.088","TargetProcessGUID":"{711d5680-fe16-6a89-0c00-000000001200}","SourceProcessId":"2848","TargetProcessId":"636","RuleName":"technique_id=T1003,technique_name=Credential Dumping","SourceProcessGUID":"{711d5680-8da2-6a89-4300-000000001200}","CallTrace":"C:\\Windows\\SYSTEM32\\ntdll.dll+9f3b4|C:\\Windows\\SYSTEM32\\ntdll.dll+db730|C:\\Windows\\System32\\KERNEL32.DLL+1e134|C:\\Windows\\System32\\KERNEL32.DLL+2524e|C:\\Windows\\Sysmon64.exe+78e2c|C:\\Windows\\Sysmon64.exe+7a47e|C:\\Windows\\Sysmon64.exe+a1100|C:\\Windows\\Sysmon64.exe+7b20f|C:\\Windows\\Sysmon64.exe+80e5a|C:\\Windows\\Sysmon64.exe+831df|C:\\Windows\\Sysmon64.exe+8f9bf|C:\\Windows\\Sysmon64.exe+8fad5|C:\\Windows\\Sysmon64.exe+baf7a|C:\\Windows\\System32\\KERNEL32.DLL+14ed0|C:\\Windows\\SYSTEM32\\ntdll.dll+7e39b","TargetUser":"NT AUTHORITY\\SYSTEM","TargetImage":"C:\\Windows\\system32\\lsass.exe"},"EventID":10,"TimeCreated":"2026-08-22T13:51:05.091Z","Computer":"DC01.coficab.lab"}
{"EventData":{"SourceImage":"C:\\Windows\\Sysmon64.exe","GrantedAccess":"0x1fffff","SourceThreadId":"3896","SourceUser":"NT AUTHORITY\\SYSTEM","UtcTime":"2026-08-22 13:51:05.088","TargetProcessGUID":"{711d5680-fe16-6a89-0c00-000000001200}","SourceProcessId":"2848","TargetProcessId":"636","RuleName":"technique_id=T1003,technique_name=Credential Dumping","SourceProcessGUID":"{711d5680-8da2-6a89-4300-000000001200}","CallTrace":"C:\\Windows\\SYSTEM32\\ntdll.dll+9f3b4|C:\\Windows\\SYSTEM32\\ntdll.dll+db730|C:\\Windows\\System32\\KERNEL32.DLL+1e134|C:\\Windows\\System32\\KERNEL32.DLL+2524e|C:\\Windows\\Sysmon64.exe+78e2c|C:\\Windows\\Sysmon64.exe+7a47e|C:\\Windows\\Sysmon64.exe+a1100|C:\\Windows\\Sysmon64.exe+7b20f|C:\\Windows\\Sysmon64.exe+80e5a|C:\\Windows\\Sysmon64.exe+831df|C:\\Windows\\Sysmon64.exe+8f9bf|C:\\Windows\\Sysmon64.exe+8fad5|C:\\Windows\\Sysmon64.exe+baf7a|C:\\Windows\\System32\\KERNEL32.DLL+14ed0|C:\\Windows\\SYSTEM32\\ntdll.dll+7e39b","TargetUser":"NT AUTHORITY\\SYSTEM","TargetImage":"C:\\Windows\\system32\\lsass.exe"},"EventID":10,"TimeCreated":"2026-08-22T13:51:05.090Z","Computer":"DC01.coficab.lab"}
{"EventData":{"SourceImage":"C:\\Windows\\Sysmon64.exe","GrantedAccess":"0x1fffff","SourceThreadId":"3896","SourceUser":"NT AUTHORITY\\SYSTEM","UtcTime":"2026-08-22 13:51:05.088","TargetProcessGUID":"{711d5680-fe16-6a89-0c00-000000001200}","SourceProcessId":"2848","TargetProcessId":"636","RuleName":"technique_id=T1003,technique_name=Credential Dumping","SourceProcessGUID":"{711d5680-8da2-6a89-4300-000000001200}","CallTrace":"C:\\Windows\\SYSTEM32\\ntdll.dll+9f3b4|C:\\Windows\\SYSTEM32\\ntdll.dll+db730|C:\\Windows\\System32\\KERNEL32.DLL+1e134|C:\\Windows\\System32\\KERNEL32.DLL+2524e|C:\\Windows\\Sysmon64.exe+78e2c|C:\\Windows\\Sysmon64.exe+7a47e|C:\\Windows\\Sysmon64.exe+a1100|C:\\Windows\\Sysmon64.exe+7b20f|C:\\Windows\\Sysmon64.exe+80e5a|C:\\Windows\\Sysmon64.exe+831df|C:\\Windows\\Sysmon64.exe+8f9bf|C:\\Windows\\Sysmon64.exe+8fad5|C:\\Windows\\Sysmon64.exe+baf7a|C:\\Windows\\System32\\KERNEL32.DLL+14ed0|C:\\Windows\\SYSTEM32\\ntdll.dll+7e39b","TargetUser":"NT AUTHORITY\\SYSTEM","TargetImage":"C:\\Windows\\system32\\lsass.exe"},"EventID":10,"TimeCreated":"2026-08-22T13:51:05.090Z","Computer":"DC01.coficab.lab"}
{"EventData":{"SourceImage":"C:\\Windows\\Sysmon64.exe","GrantedAccess":"0x1fffff","SourceThreadId":"3896","SourceUser":"NT AUTHORITY\\SYSTEM","UtcTime":"2026-08-22 13:51:05.088","TargetProcessGUID":"{711d5680-fe16-6a89-0c00-000000001200}","SourceProcessId":"2848","TargetProcessId":"636","RuleName":"technique_id=T1003,technique_name=Credential Dumping","SourceProcessGUID":"{711d5680-8da2-6a89-4300-000000001200}","CallTrace":"C:\\Windows\\SYSTEM32\\ntdll.dll+9f3b4|C:\\Windows\\SYSTEM32\\ntdll.dll+db730|C:\\Windows\\System32\\KERNEL32.DLL+1e134|C:\\Windows\\System32\\KERNEL32.DLL+2524e|C:\\Windows\\Sysmon64.exe+78e2c|C:\\Windows\\Sysmon64.exe+7a47e|C:\\Windows\\Sysmon64.exe+a1100|C:\\Windows\\Sysmon64.exe+7b20f|C:\\Windows\\Sysmon64.exe+80e5a|C:\\Windows\\Sysmon64.exe+831df|C:\\Windows\\Sysmon64.exe+8f9bf|C:\\Windows\\Sysmon64.exe+8fad5|C:\\Windows\\Sysmon64.exe+baf7a|C:\\Windows\\System32\\KERNEL32.DLL+14ed0|C:\\Windows\\SYSTEM32\\ntdll.dll+7e39b","TargetUser":"NT AUTHORITY\\SYSTEM","TargetImage":"C:\\Windows\\system32\\lsass.exe"},"EventID":10,"TimeCreated":"2026-08-22T13:51:05.089Z","Computer":"DC01.coficab.lab"}
{"EventData":{"SourceImage":"C:\\Windows\\Sysmon64.exe","GrantedAccess":"0x1fffff","SourceThreadId":"3896","SourceUser":"NT AUTHORITY\\SYSTEM","UtcTime":"2026-08-22 13:51:05.088","TargetProcessGUID":"{711d5680-fe16-6a89-0c00-000000001200}","SourceProcessId":"2848","TargetProcessId":"636","RuleName":"technique_id=T1003,technique_name=Credential Dumping","SourceProcessGUID":"{711d5680-8da2-6a89-4300-000000001200}","CallTrace":"C:\\Windows\\SYSTEM32\\ntdll.dll+9f3b4|C:\\Windows\\SYSTEM32\\ntdll.dll+db730|C:\\Windows\\System32\\KERNEL32.DLL+1e134|C:\\Windows\\System32\\KERNEL32.DLL+2524e|C:\\Windows\\Sysmon64.exe+78e2c|C:\\Windows\\Sysmon64.exe+7a47e|C:\\Windows\\Sysmon64.exe+a1100|C:\\Windows\\Sysmon64.exe+7b20f|C:\\Windows\\Sysmon64.exe+80e5a|C:\\Windows\\Sysmon64.exe+831df|C:\\Windows\\Sysmon64.exe+8f9bf|C:\\Windows\\Sysmon64.exe+8fad5|C:\\Windows\\Sysmon64.exe+baf7a|C:\\Windows\\System32\\KERNEL32.DLL+14ed0|C:\\Windows\\SYSTEM32\\ntdll.dll+7e39b","TargetUser":"NT AUTHORITY\\SYSTEM","TargetImage":"C:\\Windows\\system32\\lsass.exe"},"EventID":10,"TimeCreated":"2026-08-22T13:51:05.089Z","Computer":"DC01.coficab.lab"}
{"EventData":{"SourceImage":"C:\\Windows\\Sysmon64.exe","GrantedAccess":"0x1fffff","SourceThreadId":"3896","SourceUser":"NT AUTHORITY\\SYSTEM","UtcTime":"2026-08-22 13:51:05.088","TargetProcessGUID":"{711d5680-fe16-6a89-0c00-000000001200}","SourceProcessId":"2848","TargetProcessId":"636","RuleName":"technique_id=T1003,technique_name=Credential Dumping","SourceProcessGUID":"{711d5680-8da2-6a89-4300-000000001200}","CallTrace":"C:\\Windows\\SYSTEM32\\ntdll.dll+9f3b4|C:\\Windows\\SYSTEM32\\ntdll.dll+db730|C:\\Windows\\System32\\KERNEL32.DLL+1e134|C:\\Windows\\System32\\KERNEL32.DLL+2524e|C:\\Windows\\Sysmon64.exe+78e2c|C:\\Windows\\Sysmon64.exe+7a47e|C:\\Windows\\Sysmon64.exe+a1100|C:\\Windows\\Sysmon64.exe+7b20f|C:\\Windows\\Sysmon64.exe+80e5a|C:\\Windows\\Sysmon64.exe+831df|C:\\Windows\\Sysmon64.exe+8f9bf|C:\\Windows\\Sysmon64.exe+8fad5|C:\\Windows\\Sysmon64.exe+baf7a|C:\\Windows\\System32\\KERNEL32.DLL+14ed0|C:\\Windows\\SYSTEM32\\ntdll.dll+7e39b","TargetUser":"NT AUTHORITY\\SYSTEM","TargetImage":"C:\\Windows\\system32\\lsass.exe"},"EventID":10,"TimeCreated":"2026-08-22T13:51:05.088Z","Computer":"DC01.coficab.lab"}
{"EventData":{"SourceImage":"C:\\Windows\\Sysmon64.exe","GrantedAccess":"0x1fffff","SourceThreadId":"3896","SourceUser":"NT AUTHORITY\\SYSTEM","UtcTime":"2026-08-22 13:50:43.822","TargetProcessGUID":"{711d5680-fe16-6a89-0c00-000000001200}","SourceProcessId":"2848","TargetProcessId":"636","RuleName":"technique_id=T1003,technique_name=Credential Dumping","SourceProcessGUID":"{711d5680-8da2-6a89-4300-000000001200}","CallTrace":"C:\\Windows\\SYSTEM32\\ntdll.dll+9f3b4|C:\\Windows\\SYSTEM32\\ntdll.dll+db730|C:\\Windows\\System32\\KERNEL32.DLL+1e134|C:\\Windows\\System32\\KERNEL32.DLL+2524e|C:\\Windows\\Sysmon64.exe+78e2c|C:\\Windows\\Sysmon64.exe+7a47e|C:\\Windows\\Sysmon64.exe+a1100|C:\\Windows\\Sysmon64.exe+7b20f|C:\\Windows\\Sysmon64.exe+80e5a|C:\\Windows\\Sysmon64.exe+831df|C:\\Windows\\Sysmon64.exe+8f9bf|C:\\Windows\\Sysmon64.exe+8fad5|C:\\Windows\\Sysmon64.exe+baf7a|C:\\Windows\\System32\\KERNEL32.DLL+14ed0|C:\\Windows\\SYSTEM32\\ntdll.dll+7e39b","TargetUser":"NT AUTHORITY\\SYSTEM","TargetImage":"C:\\Windows\\system32\\lsass.exe"},"EventID":10,"TimeCreated":"2026-08-22T13:50:43.823Z","Computer":"DC01.coficab.lab"}
{"EventData":{"SourceImage":"C:\\Windows\\Sysmon64.exe","GrantedAccess":"0x1fffff","SourceThreadId":"3896","SourceUser":"NT AUTHORITY\\SYSTEM","UtcTime":"2026-08-22 13:50:43.572","TargetProcessGUID":"{711d5680-fe16-6a89-0c00-000000001200}","SourceProcessId":"2848","TargetProcessId":"636","RuleName":"technique_id=T1003,technique_name=Credential Dumping","SourceProcessGUID":"{711d5680-8da2-6a89-4300-000000001200}","CallTrace":"C:\\Windows\\SYSTEM32\\ntdll.dll+9f3b4|C:\\Windows\\SYSTEM32\\ntdll.dll+db730|C:\\Windows\\System32\\KERNEL32.DLL+1e134|C:\\Windows\\System32\\KERNEL32.DLL+2524e|C:\\Windows\\Sysmon64.exe+78e2c|C:\\Windows\\Sysmon64.exe+7a47e|C:\\Windows\\Sysmon64.exe+a1100|C:\\Windows\\Sysmon64.exe+7b20f|C:\\Windows\\Sysmon64.exe+80e5a|C:\\Windows\\Sysmon64.exe+831df|C:\\Windows\\Sysmon64.exe+8f9bf|C:\\Windows\\Sysmon64.exe+8fad5|C:\\Windows\\Sysmon64.exe+baf7a|C:\\Windows\\System32\\KERNEL32.DLL+14ed0|C:\\Windows\\SYSTEM32\\ntdll.dll+7e39b","TargetUser":"NT AUTHORITY\\SYSTEM","TargetImage":"C:\\Windows\\system32\\lsass.exe"},"EventID":10,"TimeCreated":"2026-08-22T13:50:43.574Z","Computer":"DC01.coficab.lab"}
{"EventData":{"SourceImage":"C:\\Windows\\Sysmon64.exe","GrantedAccess":"0x1fffff","SourceThreadId":"3896","SourceUser":"NT AUTHORITY\\SYSTEM","UtcTime":"2026-08-22 13:50:43.572","TargetProcessGUID":"{711d5680-fe16-6a89-0c00-000000001200}","SourceProcessId":"2848","TargetProcessId":"636","RuleName":"technique_id=T1003,technique_name=Credential Dumping","SourceProcessGUID":"{711d5680-8da2-6a89-4300-000000001200}","CallTrace":"C:\\Windows\\SYSTEM32\\ntdll.dll+9f3b4|C:\\Windows\\SYSTEM32\\ntdll.dll+db730|C:\\Windows\\System32\\KERNEL32.DLL+1e134|C:\\Windows\\System32\\KERNEL32.DLL+2524e|C:\\Windows\\Sysmon64.exe+78e2c|C:\\Windows\\Sysmon64.exe+7a47e|C:\\Windows\\Sysmon64.exe+a1100|C:\\Windows\\Sysmon64.exe+7b20f|C:\\Windows\\Sysmon64.exe+80e5a|C:\\Windows\\Sysmon64.exe+831df|C:\\Windows\\Sysmon64.exe+8f9bf|C:\\Windows\\Sysmon64.exe+8fad5|C:\\Windows\\Sysmon64.exe+baf7a|C:\\Windows\\System32\\KERNEL32.DLL+14ed0|C:\\Windows\\SYSTEM32\\ntdll.dll+7e39b","TargetUser":"NT AUTHORITY\\SYSTEM","TargetImage":"C:\\Windows\\system32\\lsass.exe"},"EventID":10,"TimeCreated":"2026-08-22T13:50:43.573Z","Computer":"DC01.coficab.lab"}
{"EventData":{"SourceImage":"C:\\Windows\\Sysmon64.exe","GrantedAccess":"0x1fffff","SourceThreadId":"3896","SourceUser":"NT AUTHORITY\\SYSTEM","UtcTime":"2026-08-22 13:50:43.572","TargetProcessGUID":"{711d5680-fe16-6a89-0c00-000000001200}","SourceProcessId":"2848","TargetProcessId":"636","RuleName":"technique_id=T1003,technique_name=Credential Dumping","SourceProcessGUID":"{711d5680-8da2-6a89-4300-000000001200}","CallTrace":"C:\\Windows\\SYSTEM32\\ntdll.dll+9f3b4|C:\\Windows\\SYSTEM32\\ntdll.dll+db730|C:\\Windows\\System32\\KERNEL32.DLL+1e134|C:\\Windows\\System32\\KERNEL32.DLL+2524e|C:\\Windows\\Sysmon64.exe+78e2c|C:\\Windows\\Sysmon64.exe+7a47e|C:\\Windows\\Sysmon64.exe+a1100|C:\\Windows\\Sysmon64.exe+7b20f|C:\\Windows\\Sysmon64.exe+80e5a|C:\\Windows\\Sysmon64.exe+831df|C:\\Windows\\Sysmon64.exe+8f9bf|C:\\Windows\\Sysmon64.exe+8fad5|C:\\Windows\\Sysmon64.exe+baf7a|C:\\Windows\\System32\\KERNEL32.DLL+14ed0|C:\\Windows\\SYSTEM32\\ntdll.dll+7e39b","TargetUser":"NT AUTHORITY\\SYSTEM","TargetImage":"C:\\Windows\\system32\\lsass.exe"},"EventID":10,"TimeCreated":"2026-08-22T13:50:43.573Z","Computer":"DC01.coficab.lab"}
{"EventData":{"SourceImage":"C:\\Windows\\Sysmon64.exe","GrantedAccess":"0x1fffff","SourceThreadId":"3896","SourceUser":"NT AUTHORITY\\SYSTEM","UtcTime":"2026-08-22 13:50:43.322","TargetProcessGUID":"{711d5680-fe16-6a89-0c00-000000001200}","SourceProcessId":"2848","TargetProcessId":"636","RuleName":"technique_id=T1003,technique_name=Credential Dumping","SourceProcessGUID":"{711d5680-8da2-6a89-4300-000000001200}","CallTrace":"C:\\Windows\\SYSTEM32\\ntdll.dll+9f3b4|C:\\Windows\\SYSTEM32\\ntdll.dll+db730|C:\\Windows\\System32\\KERNEL32.DLL+1e134|C:\\Windows\\System32\\KERNEL32.DLL+2524e|C:\\Windows\\Sysmon64.exe+78e2c|C:\\Windows\\Sysmon64.exe+7a47e|C:\\Windows\\Sysmon64.exe+a1100|C:\\Windows\\Sysmon64.exe+7b20f|C:\\Windows\\Sysmon64.exe+80e5a|C:\\Windows\\Sysmon64.exe+831df|C:\\Windows\\Sysmon64.exe+8f9bf|C:\\Windows\\Sysmon64.exe+8fad5|C:\\Windows\\Sysmon64.exe+baf7a|C:\\Windows\\System32\\KERNEL32.DLL+14ed0|C:\\Windows\\SYSTEM32\\ntdll.dll+7e39b","TargetUser":"NT AUTHORITY\\SYSTEM","TargetImage":"C:\\Windows\\system32\\lsass.exe"},"EventID":10,"TimeCreated":"2026-08-22T13:50:43.325Z","Computer":"DC01.coficab.lab"}
{"EventData":{"SourceImage":"C:\\Windows\\Sysmon64.exe","GrantedAccess":"0x1fffff","SourceThreadId":"3896","SourceUser":"NT AUTHORITY\\SYSTEM","UtcTime":"2026-08-22 13:50:43.322","TargetProcessGUID":"{711d5680-fe16-6a89-0c00-000000001200}","SourceProcessId":"2848","TargetProcessId":"636","RuleName":"technique_id=T1003,technique_name=Credential Dumping","SourceProcessGUID":"{711d5680-8da2-6a89-4300-000000001200}","CallTrace":"C:\\Windows\\SYSTEM32\\ntdll.dll+9f3b4|C:\\Windows\\SYSTEM32\\ntdll.dll+db730|C:\\Windows\\System32\\KERNEL32.DLL+1e134|C:\\Windows\\System32\\KERNEL32.DLL+2524e|C:\\Windows\\Sysmon64.exe+78e2c|C:\\Windows\\Sysmon64.exe+7a47e|C:\\Windows\\Sysmon64.exe+a1100|C:\\Windows\\Sysmon64.exe+7b20f|C:\\Windows\\Sysmon64.exe+80e5a|C:\\Windows\\Sysmon64.exe+831df|C:\\Windows\\Sysmon64.exe+8f9bf|C:\\Windows\\Sysmon64.exe+8fad5|C:\\Windows\\Sysmon64.exe+baf7a|C:\\Windows\\System32\\KERNEL32.DLL+14ed0|C:\\Windows\\SYSTEM32\\ntdll.dll+7e39b","TargetUser":"NT AUTHORITY\\SYSTEM","TargetImage":"C:\\Windows\\system32\\lsass.exe"},"EventID":10,"TimeCreated":"2026-08-22T13:50:43.324Z","Computer":"DC01.coficab.lab"}
{"EventData":{"SourceImage":"C:\\Windows\\Sysmon64.exe","GrantedAccess":"0x1fffff","SourceThreadId":"3896","SourceUser":"NT AUTHORITY\\SYSTEM","UtcTime":"2026-08-22 13:50:43.322","TargetProcessGUID":"{711d5680-fe16-6a89-0c00-000000001200}","SourceProcessId":"2848","TargetProcessId":"636","RuleName":"technique_id=T1003,technique_name=Credential Dumping","SourceProcessGUID":"{711d5680-8da2-6a89-4300-000000001200}","CallTrace":"C:\\Windows\\SYSTEM32\\ntdll.dll+9f3b4|C:\\Windows\\SYSTEM32\\ntdll.dll+db730|C:\\Windows\\System32\\KERNEL32.DLL+1e134|C:\\Windows\\System32\\KERNEL32.DLL+2524e|C:\\Windows\\Sysmon64.exe+78e2c|C:\\Windows\\Sysmon64.exe+7a47e|C:\\Windows\\Sysmon64.exe+a1100|C:\\Windows\\Sysmon64.exe+7b20f|C:\\Windows\\Sysmon64.exe+80e5a|C:\\Windows\\Sysmon64.exe+831df|C:\\Windows\\Sysmon64.exe+8f9bf|C:\\Windows\\Sysmon64.exe+8fad5|C:\\Windows\\Sysmon64.exe+baf7a|C:\\Windows\\System32\\KERNEL32.DLL+14ed0|C:\\Windows\\SYSTEM32\\ntdll.dll+7e39b","TargetUser":"NT AUTHORITY\\SYSTEM","TargetImage":"C:\\Windows\\system32\\lsass.exe"},"EventID":10,"TimeCreated":"2026-08-22T13:50:43.324Z","Computer":"DC01.coficab.lab"}
{"EventData":{"SourceImage":"C:\\Windows\\Sysmon64.exe","GrantedAccess":"0x1fffff","SourceThreadId":"3896","SourceUser":"NT AUTHORITY\\SYSTEM","UtcTime":"2026-08-22 13:50:43.322","TargetProcessGUID":"{711d5680-fe16-6a89-0c00-000000001200}","SourceProcessId":"2848","TargetProcessId":"636","RuleName":"technique_id=T1003,technique_name=Credential Dumping","SourceProcessGUID":"{711d5680-8da2-6a89-4300-000000001200}","CallTrace":"C:\\Windows\\SYSTEM32\\ntdll.dll+9f3b4|C:\\Windows\\SYSTEM32\\ntdll.dll+db730|C:\\Windows\\System32\\KERNEL32.DLL+1e134|C:\\Windows\\System32\\KERNEL32.DLL+2524e|C:\\Windows\\Sysmon64.exe+78e2c|C:\\Windows\\Sysmon64.exe+7a47e|C:\\Windows\\Sysmon64.exe+a1100|C:\\Windows\\Sysmon64.exe+7b20f|C:\\Windows\\Sysmon64.exe+80e5a|C:\\Windows\\Sysmon64.exe+831df|C:\\Windows\\Sysmon64.exe+8f9bf|C:\\Windows\\Sysmon64.exe+8fad5|C:\\Windows\\Sysmon64.exe+baf7a|C:\\Windows\\System32\\KERNEL32.DLL+14ed0|C:\\Windows\\SYSTEM32\\ntdll.dll+7e39b","TargetUser":"NT AUTHORITY\\SYSTEM","TargetImage":"C:\\Windows\\system32\\lsass.exe"},"EventID":10,"TimeCreated":"2026-08-22T13:50:43.323Z","Computer":"DC01.coficab.lab"}
{"EventData":{"SourceImage":"C:\\Windows\\Sysmon64.exe","GrantedAccess":"0x1fffff","SourceThreadId":"3896","SourceUser":"NT AUTHORITY\\SYSTEM","UtcTime":"2026-08-22 13:50:43.322","TargetProcessGUID":"{711d5680-fe16-6a89-0c00-000000001200}","SourceProcessId":"2848","TargetProcessId":"636","RuleName":"technique_id=T1003,technique_name=Credential Dumping","SourceProcessGUID":"{711d5680-8da2-6a89-4300-000000001200}","CallTrace":"C:\\Windows\\SYSTEM32\\ntdll.dll+9f3b4|C:\\Windows\\SYSTEM32\\ntdll.dll+db730|C:\\Windows\\System32\\KERNEL32.DLL+1e134|C:\\Windows\\System32\\KERNEL32.DLL+2524e|C:\\Windows\\Sysmon64.exe+78e2c|C:\\Windows\\Sysmon64.exe+7a47e|C:\\Windows\\Sysmon64.exe+a1100|C:\\Windows\\Sysmon64.exe+7b20f|C:\\Windows\\Sysmon64.exe+80e5a|C:\\Windows\\Sysmon64.exe+831df|C:\\Windows\\Sysmon64.exe+8f9bf|C:\\Windows\\Sysmon64.exe+8fad5|C:\\Windows\\Sysmon64.exe+baf7a|C:\\Windows\\System32\\KERNEL32.DLL+14ed0|C:\\Windows\\SYSTEM32\\ntdll.dll+7e39b","TargetUser":"NT AUTHORITY\\SYSTEM","TargetImage":"C:\\Windows\\system32\\lsass.exe"},"EventID":10,"TimeCreated":"2026-08-22T13:50:43.322Z","Computer":"DC01.coficab.lab"}
{"EventData":{"SourceImage":"C:\\Windows\\Sysmon64.exe","GrantedAccess":"0x1fffff","SourceThreadId":"3896","SourceUser":"NT AUTHORITY\\SYSTEM","UtcTime":"2026-08-22 13:50:33.197","TargetProcessGUID":"{711d5680-fe16-6a89-0c00-000000001200}","SourceProcessId":"2848","TargetProcessId":"636","RuleName":"technique_id=T1003,technique_name=Credential Dumping","SourceProcessGUID":"{711d5680-8da2-6a89-4300-000000001200}","CallTrace":"C:\\Windows\\SYSTEM32\\ntdll.dll+9f3b4|C:\\Windows\\SYSTEM32\\ntdll.dll+db730|C:\\Windows\\System32\\KERNEL32.DLL+1e134|C:\\Windows\\System32\\KERNEL32.DLL+2524e|C:\\Windows\\Sysmon64.exe+78e2c|C:\\Windows\\Sysmon64.exe+7a47e|C:\\Windows\\Sysmon64.exe+a1100|C:\\Windows\\Sysmon64.exe+7b20f|C:\\Windows\\Sysmon64.exe+80e5a|C:\\Windows\\Sysmon64.exe+831df|C:\\Windows\\Sysmon64.exe+8f9bf|C:\\Windows\\Sysmon64.exe+8fad5|C:\\Windows\\Sysmon64.exe+baf7a|C:\\Windows\\System32\\KERNEL32.DLL+14ed0|C:\\Windows\\SYSTEM32\\ntdll.dll+7e39b","TargetUser":"NT AUTHORITY\\SYSTEM","TargetImage":"C:\\Windows\\system32\\lsass.exe"},"EventID":10,"TimeCreated":"2026-08-22T13:50:33.197Z","Computer":"DC01.coficab.lab"}
{"EventData":{"Image":"C:\\Windows\\System32\\svchost.exe","ProcessGuid":"{711d5680-fe18-6a89-1900-000000001200}","TargetFilename":"C:\\Windows\\ServiceState\\EventLog\\Data\\lastalive1.dat","ProcessId":"1136","UtcTime":"2026-08-22 13:50:06.854","RuleName":"technique_id=T1574.010,technique_name=Services File Permissions Weakness","CreationUtcTime":"2026-08-22 11:53:57.250","User":"NT AUTHORITY\\LOCAL SERVICE"},"EventID":11,"TimeCreated":"2026-08-22T13:50:06.855Z","Computer":"DC01.coficab.lab"}
